-- The C compiler identification is GNU 11.4.0
-- The CXX compiler identification is GNU 11.4.0
-- Detecting C compiler ABI info
-- Detecting C compiler ABI info - done
-- Check for working C compiler: /usr/bin/cc - skipped
-- Detecting C compile features
-- Detecting C compile features - done
-- Detecting CXX compiler ABI info
-- Detecting CXX compiler ABI info - done
-- Check for working CXX compiler: /usr/bin/c++ - skipped
-- Detecting CXX compile features
-- Detecting CXX compile features - done
-- Found ament_cmake: 1.3.8 (/opt/ros/humble/share/ament_cmake/cmake)
-- Found Python3: /usr/bin/python3 (found version "3.10.12") found components: Interpreter 
-- Found rosidl_default_generators: 1.2.0 (/opt/ros/humble/share/rosidl_default_generators/cmake)
-- Using all available rosidl_typesupport_c: rosidl_typesupport_fastrtps_c;rosidl_typesupport_introspection_c
-- Found rosidl_adapter: 3.1.5 (/opt/ros/humble/share/rosidl_adapter/cmake)
-- Using all available rosidl_typesupport_cpp: rosidl_typesupport_fastrtps_cpp;rosidl_typesupport_introspection_cpp
-- Found ament_lint_auto: 0.12.10 (/opt/ros/humble/share/ament_lint_auto/cmake)
-- Found ament_cmake_ros: 0.10.0 (/opt/ros/humble/share/ament_cmake_ros/cmake)
-- Using all available rosidl_typesupport_c: rosidl_typesupport_fastrtps_c;rosidl_typesupport_introspection_c
-- Using all available rosidl_typesupport_cpp: rosidl_typesupport_fastrtps_cpp;rosidl_typesupport_introspection_cpp
-- Found PythonInterp: /usr/bin/python3 (found suitable version "3.10.12", minimum required is "3.6") 
-- Found python_cmake_module: 0.10.0 (/opt/ros/humble/share/python_cmake_module/cmake)
-- Found PythonLibs: /usr/lib/x86_64-linux-gnu/libpython3.10.so (found suitable version "3.10.12", minimum required is "3.5") 
-- Using PYTHON_EXECUTABLE: /usr/bin/python3
-- Using PYTHON_INCLUDE_DIRS: /usr/include/python3.10
-- Using PYTHON_LIBRARIES: /usr/lib/x86_64-linux-gnu/libpython3.10.so
-- Found PythonExtra: .so  
-- Added test 'lint_cmake' to check CMake code style
-- Added test 'xmllint' to check XML markup files
-- Configuring done
-- Generating done
-- Build files have been written to: /home/iker/ros2_plan/src/build/syst_msgs
[  2%] [34m[1mGenerating C code for ROS interfaces[0m
[  5%] [34m[1mGenerating C++ code for ROS interfaces[0m
[  5%] Built target ament_cmake_python_copy_syst_msgs
running egg_info
creating syst_msgs.egg-info
writing syst_msgs.egg-info/PKG-INFO
writing dependency_links to syst_msgs.egg-info/dependency_links.txt
writing top-level names to syst_msgs.egg-info/top_level.txt
writing manifest file 'syst_msgs.egg-info/SOURCES.txt'
reading manifest file 'syst_msgs.egg-info/SOURCES.txt'
writing manifest file 'syst_msgs.egg-info/SOURCES.txt'
[  5%] Built target ament_cmake_python_build_syst_msgs_egg
[  7%] [32mBuilding C object CMakeFiles/syst_msgs__rosidl_generator_c.dir/rosidl_generator_c/syst_msgs/msg/detail/waypoints__functions.c.o[0m
[ 10%] Built target syst_msgs__cpp
[ 10%] [32mBuilding C object CMakeFiles/syst_msgs__rosidl_generator_c.dir/rosidl_generator_c/syst_msgs/srv/detail/adv_service__functions.c.o[0m
[ 12%] [34m[1mGenerating C++ introspection for ROS interfaces[0m
[ 15%] [34m[1mGenerating C++ type support for eProsima Fast-RTPS[0m
[ 17%] [34m[1mGenerating C++ type support dispatch for ROS interfaces[0m
[ 20%] [32m[1mLinking C shared library libsyst_msgs__rosidl_generator_c.so[0m
[ 20%] Built target syst_msgs__rosidl_generator_c
[ 25%] [34m[1mGenerating C type support dispatch for ROS interfaces[0m
[ 25%] [34m[1mGenerating C type support for eProsima Fast-RTPS[0m
[ 28%] [34m[1mGenerating C introspection for ROS interfaces[0m
[ 30%] [32mBuilding CXX object CMakeFiles/syst_msgs__rosidl_typesupport_cpp.dir/rosidl_typesupport_cpp/syst_msgs/srv/adv_service__type_support.cpp.o[0m
[ 33%] [32mBuilding CXX object CMakeFiles/syst_msgs__rosidl_typesupport_introspection_cpp.dir/rosidl_typesupport_introspection_cpp/syst_msgs/srv/detail/adv_service__type_support.cpp.o[0m
[ 35%] [32mBuilding CXX object CMakeFiles/syst_msgs__rosidl_typesupport_fastrtps_cpp.dir/rosidl_typesupport_fastrtps_cpp/syst_msgs/srv/detail/dds_fastrtps/adv_service__type_support.cpp.o[0m
[ 38%] [32mBuilding CXX object CMakeFiles/syst_msgs__rosidl_typesupport_c.dir/rosidl_typesupport_c/syst_msgs/srv/adv_service__type_support.cpp.o[0m
[ 41%] [32mBuilding CXX object CMakeFiles/syst_msgs__rosidl_typesupport_fastrtps_c.dir/rosidl_typesupport_fastrtps_c/syst_msgs/srv/detail/adv_service__type_support_c.cpp.o[0m
[ 43%] [32mBuilding CXX object CMakeFiles/syst_msgs__rosidl_typesupport_c.dir/rosidl_typesupport_c/syst_msgs/msg/waypoints__type_support.cpp.o[0m
[ 46%] [32m[1mLinking CXX shared library libsyst_msgs__rosidl_typesupport_c.so[0m
[ 48%] [32mBuilding CXX object CMakeFiles/syst_msgs__rosidl_typesupport_cpp.dir/rosidl_typesupport_cpp/syst_msgs/msg/waypoints__type_support.cpp.o[0m
[ 48%] Built target syst_msgs__rosidl_typesupport_c
[ 51%] [32mBuilding CXX object CMakeFiles/syst_msgs__rosidl_typesupport_introspection_cpp.dir/rosidl_typesupport_introspection_cpp/syst_msgs/msg/detail/waypoints__type_support.cpp.o[0m
[ 53%] [32mBuilding C object CMakeFiles/syst_msgs__rosidl_typesupport_introspection_c.dir/rosidl_typesupport_introspection_c/syst_msgs/srv/detail/adv_service__type_support.c.o[0m
[ 56%] [32mBuilding C object CMakeFiles/syst_msgs__rosidl_typesupport_introspection_c.dir/rosidl_typesupport_introspection_c/syst_msgs/msg/detail/waypoints__type_support.c.o[0m
[ 58%] [32mBuilding CXX object CMakeFiles/syst_msgs__rosidl_typesupport_fastrtps_c.dir/rosidl_typesupport_fastrtps_c/syst_msgs/msg/detail/waypoints__type_support_c.cpp.o[0m
[ 61%] [32m[1mLinking C shared library libsyst_msgs__rosidl_typesupport_introspection_c.so[0m
[ 64%] [32mBuilding CXX object CMakeFiles/syst_msgs__rosidl_typesupport_fastrtps_cpp.dir/rosidl_typesupport_fastrtps_cpp/syst_msgs/msg/detail/dds_fastrtps/waypoints__type_support.cpp.o[0m
[ 66%] [32m[1mLinking CXX shared library libsyst_msgs__rosidl_typesupport_cpp.so[0m
[ 66%] Built target syst_msgs__rosidl_typesupport_cpp
[ 66%] Built target syst_msgs__rosidl_typesupport_introspection_c
[ 69%] [32m[1mLinking CXX shared library libsyst_msgs__rosidl_typesupport_fastrtps_c.so[0m
[ 71%] [32m[1mLinking CXX shared library libsyst_msgs__rosidl_typesupport_introspection_cpp.so[0m
[ 71%] Built target syst_msgs__rosidl_typesupport_fastrtps_c
[ 71%] Built target syst_msgs__rosidl_typesupport_introspection_cpp
[ 74%] [32m[1mLinking CXX shared library libsyst_msgs__rosidl_typesupport_fastrtps_cpp.so[0m
[ 74%] Built target syst_msgs__rosidl_typesupport_fastrtps_cpp
[ 74%] Built target syst_msgs
[ 76%] [34m[1mGenerating Python code for ROS interfaces[0m
[ 76%] Built target syst_msgs__py
[ 79%] [32mBuilding C object CMakeFiles/syst_msgs__rosidl_generator_py.dir/rosidl_generator_py/syst_msgs/srv/_adv_service_s.c.o[0m
[ 82%] [32mBuilding C object CMakeFiles/syst_msgs__rosidl_generator_py.dir/rosidl_generator_py/syst_msgs/msg/_waypoints_s.c.o[0m
[ 84%] [32m[1mLinking C shared library rosidl_generator_py/syst_msgs/libsyst_msgs__rosidl_generator_py.so[0m
[ 84%] Built target syst_msgs__rosidl_generator_py
[ 87%] [32mBuilding C object CMakeFiles/syst_msgs__rosidl_typesupport_c__pyext.dir/rosidl_generator_py/syst_msgs/_syst_msgs_s.ep.rosidl_typesupport_c.c.o[0m
[ 89%] [32mBuilding C object CMakeFiles/syst_msgs__rosidl_typesupport_introspection_c__pyext.dir/rosidl_generator_py/syst_msgs/_syst_msgs_s.ep.rosidl_typesupport_introspection_c.c.o[0m
[ 92%] [32mBuilding C object CMakeFiles/syst_msgs__rosidl_typesupport_fastrtps_c__pyext.dir/rosidl_generator_py/syst_msgs/_syst_msgs_s.ep.rosidl_typesupport_fastrtps_c.c.o[0m
[ 94%] [32m[1mLinking C shared library rosidl_generator_py/syst_msgs/syst_msgs_s__rosidl_typesupport_introspection_c.cpython-310-x86_64-linux-gnu.so[0m
[ 97%] [32m[1mLinking C shared library rosidl_generator_py/syst_msgs/syst_msgs_s__rosidl_typesupport_c.cpython-310-x86_64-linux-gnu.so[0m
[100%] [32m[1mLinking C shared library rosidl_generator_py/syst_msgs/syst_msgs_s__rosidl_typesupport_fastrtps_c.cpython-310-x86_64-linux-gnu.so[0m
[100%] Built target syst_msgs__rosidl_typesupport_c__pyext
[100%] Built target syst_msgs__rosidl_typesupport_introspection_c__pyext
[100%] Built target syst_msgs__rosidl_typesupport_fastrtps_c__pyext
-- Install configuration: ""
-- Installing: /home/iker/ros2_plan/src/install/syst_msgs/share/ament_index/resource_index/rosidl_interfaces/syst_msgs
-- Installing: /home/iker/ros2_plan/src/install/syst_msgs/include/syst_msgs/syst_msgs
-- Installing: /home/iker/ros2_plan/src/install/syst_msgs/include/syst_msgs/syst_msgs/srv
-- Installing: /home/iker/ros2_plan/src/install/syst_msgs/include/syst_msgs/syst_msgs/srv/adv_service.h
-- Installing: /home/iker/ros2_plan/src/install/syst_msgs/include/syst_msgs/syst_msgs/srv/detail
-- Installing: /home/iker/ros2_plan/src/install/syst_msgs/include/syst_msgs/syst_msgs/srv/detail/adv_service__struct.h
-- Installing: /home/iker/ros2_plan/src/install/syst_msgs/include/syst_msgs/syst_msgs/srv/detail/adv_service__type_support.h
-- Installing: /home/iker/ros2_plan/src/install/syst_msgs/include/syst_msgs/syst_msgs/srv/detail/adv_service__functions.c
-- Installing: /home/iker/ros2_plan/src/install/syst_msgs/include/syst_msgs/syst_msgs/srv/detail/adv_service__functions.h
-- Installing: /home/iker/ros2_plan/src/install/syst_msgs/include/syst_msgs/syst_msgs/msg
-- Installing: /home/iker/ros2_plan/src/install/syst_msgs/include/syst_msgs/syst_msgs/msg/rosidl_generator_c__visibility_control.h
-- Installing: /home/iker/ros2_plan/src/install/syst_msgs/include/syst_msgs/syst_msgs/msg/waypoints.h
-- Installing: /home/iker/ros2_plan/src/install/syst_msgs/include/syst_msgs/syst_msgs/msg/detail
-- Installing: /home/iker/ros2_plan/src/install/syst_msgs/include/syst_msgs/syst_msgs/msg/detail/waypoints__functions.h
-- Installing: /home/iker/ros2_plan/src/install/syst_msgs/include/syst_msgs/syst_msgs/msg/detail/waypoints__struct.h
-- Installing: /home/iker/ros2_plan/src/install/syst_msgs/include/syst_msgs/syst_msgs/msg/detail/waypoints__type_support.h
-- Installing: /home/iker/ros2_plan/src/install/syst_msgs/include/syst_msgs/syst_msgs/msg/detail/waypoints__functions.c
-- Installing: /home/iker/ros2_plan/src/install/syst_msgs/share/syst_msgs/environment/library_path.sh
-- Installing: /home/iker/ros2_plan/src/install/syst_msgs/share/syst_msgs/environment/library_path.dsv
-- Installing: /home/iker/ros2_plan/src/install/syst_msgs/lib/libsyst_msgs__rosidl_generator_c.so
-- Set runtime path of "/home/iker/ros2_plan/src/install/syst_msgs/lib/libsyst_msgs__rosidl_generator_c.so" to ""
-- Up-to-date: /home/iker/ros2_plan/src/install/syst_msgs/include/syst_msgs/syst_msgs
-- Up-to-date: /home/iker/ros2_plan/src/install/syst_msgs/include/syst_msgs/syst_msgs/srv
-- Up-to-date: /home/iker/ros2_plan/src/install/syst_msgs/include/syst_msgs/syst_msgs/srv/detail
-- Installing: /home/iker/ros2_plan/src/install/syst_msgs/include/syst_msgs/syst_msgs/srv/detail/adv_service__rosidl_typesupport_fastrtps_c.h
-- Up-to-date: /home/iker/ros2_plan/src/install/syst_msgs/include/syst_msgs/syst_msgs/msg
-- Installing: /home/iker/ros2_plan/src/install/syst_msgs/include/syst_msgs/syst_msgs/msg/rosidl_typesupport_fastrtps_c__visibility_control.h
-- Up-to-date: /home/iker/ros2_plan/src/install/syst_msgs/include/syst_msgs/syst_msgs/msg/detail
-- Installing: /home/iker/ros2_plan/src/install/syst_msgs/include/syst_msgs/syst_msgs/msg/detail/waypoints__rosidl_typesupport_fastrtps_c.h
-- Installing: /home/iker/ros2_plan/src/install/syst_msgs/lib/libsyst_msgs__rosidl_typesupport_fastrtps_c.so
-- Set runtime path of "/home/iker/ros2_plan/src/install/syst_msgs/lib/libsyst_msgs__rosidl_typesupport_fastrtps_c.so" to ""
-- Up-to-date: /home/iker/ros2_plan/src/install/syst_msgs/include/syst_msgs/syst_msgs
-- Up-to-date: /home/iker/ros2_plan/src/install/syst_msgs/include/syst_msgs/syst_msgs/srv
-- Up-to-date: /home/iker/ros2_plan/src/install/syst_msgs/include/syst_msgs/syst_msgs/srv/detail
-- Installing: /home/iker/ros2_plan/src/install/syst_msgs/include/syst_msgs/syst_msgs/srv/detail/adv_service__type_support.c
-- Installing: /home/iker/ros2_plan/src/install/syst_msgs/include/syst_msgs/syst_msgs/srv/detail/adv_service__rosidl_typesupport_introspection_c.h
-- Up-to-date: /home/iker/ros2_plan/src/install/syst_msgs/include/syst_msgs/syst_msgs/msg
-- Installing: /home/iker/ros2_plan/src/install/syst_msgs/include/syst_msgs/syst_msgs/msg/rosidl_typesupport_introspection_c__visibility_control.h
-- Up-to-date: /home/iker/ros2_plan/src/install/syst_msgs/include/syst_msgs/syst_msgs/msg/detail
-- Installing: /home/iker/ros2_plan/src/install/syst_msgs/include/syst_msgs/syst_msgs/msg/detail/waypoints__rosidl_typesupport_introspection_c.h
-- Installing: /home/iker/ros2_plan/src/install/syst_msgs/include/syst_msgs/syst_msgs/msg/detail/waypoints__type_support.c
-- Installing: /home/iker/ros2_plan/src/install/syst_msgs/lib/libsyst_msgs__rosidl_typesupport_introspection_c.so
-- Set runtime path of "/home/iker/ros2_plan/src/install/syst_msgs/lib/libsyst_msgs__rosidl_typesupport_introspection_c.so" to ""
-- Installing: /home/iker/ros2_plan/src/install/syst_msgs/lib/libsyst_msgs__rosidl_typesupport_c.so
-- Set runtime path of "/home/iker/ros2_plan/src/install/syst_msgs/lib/libsyst_msgs__rosidl_typesupport_c.so" to ""
-- Up-to-date: /home/iker/ros2_plan/src/install/syst_msgs/include/syst_msgs/syst_msgs
-- Up-to-date: /home/iker/ros2_plan/src/install/syst_msgs/include/syst_msgs/syst_msgs/srv
-- Installing: /home/iker/ros2_plan/src/install/syst_msgs/include/syst_msgs/syst_msgs/srv/adv_service.hpp
-- Up-to-date: /home/iker/ros2_plan/src/install/syst_msgs/include/syst_msgs/syst_msgs/srv/detail
-- Installing: /home/iker/ros2_plan/src/install/syst_msgs/include/syst_msgs/syst_msgs/srv/detail/adv_service__struct.hpp
-- Installing: /home/iker/ros2_plan/src/install/syst_msgs/include/syst_msgs/syst_msgs/srv/detail/adv_service__traits.hpp
-- Installing: /home/iker/ros2_plan/src/install/syst_msgs/include/syst_msgs/syst_msgs/srv/detail/adv_service__builder.hpp
-- Up-to-date: /home/iker/ros2_plan/src/install/syst_msgs/include/syst_msgs/syst_msgs/msg
-- Installing: /home/iker/ros2_plan/src/install/syst_msgs/include/syst_msgs/syst_msgs/msg/waypoints.hpp
-- Up-to-date: /home/iker/ros2_plan/src/install/syst_msgs/include/syst_msgs/syst_msgs/msg/detail
-- Installing: /home/iker/ros2_plan/src/install/syst_msgs/include/syst_msgs/syst_msgs/msg/detail/waypoints__traits.hpp
-- Installing: /home/iker/ros2_plan/src/install/syst_msgs/include/syst_msgs/syst_msgs/msg/detail/waypoints__builder.hpp
-- Installing: /home/iker/ros2_plan/src/install/syst_msgs/include/syst_msgs/syst_msgs/msg/detail/waypoints__struct.hpp
-- Up-to-date: /home/iker/ros2_plan/src/install/syst_msgs/include/syst_msgs/syst_msgs
-- Up-to-date: /home/iker/ros2_plan/src/install/syst_msgs/include/syst_msgs/syst_msgs/srv
-- Up-to-date: /home/iker/ros2_plan/src/install/syst_msgs/include/syst_msgs/syst_msgs/srv/detail
-- Installing: /home/iker/ros2_plan/src/install/syst_msgs/include/syst_msgs/syst_msgs/srv/detail/adv_service__rosidl_typesupport_fastrtps_cpp.hpp
-- Installing: /home/iker/ros2_plan/src/install/syst_msgs/include/syst_msgs/syst_msgs/srv/detail/dds_fastrtps
-- Up-to-date: /home/iker/ros2_plan/src/install/syst_msgs/include/syst_msgs/syst_msgs/msg
-- Installing: /home/iker/ros2_plan/src/install/syst_msgs/include/syst_msgs/syst_msgs/msg/rosidl_typesupport_fastrtps_cpp__visibility_control.h
-- Up-to-date: /home/iker/ros2_plan/src/install/syst_msgs/include/syst_msgs/syst_msgs/msg/detail
-- Installing: /home/iker/ros2_plan/src/install/syst_msgs/include/syst_msgs/syst_msgs/msg/detail/waypoints__rosidl_typesupport_fastrtps_cpp.hpp
-- Installing: /home/iker/ros2_plan/src/install/syst_msgs/include/syst_msgs/syst_msgs/msg/detail/dds_fastrtps
-- Installing: /home/iker/ros2_plan/src/install/syst_msgs/lib/libsyst_msgs__rosidl_typesupport_fastrtps_cpp.so
-- Set runtime path of "/home/iker/ros2_plan/src/install/syst_msgs/lib/libsyst_msgs__rosidl_typesupport_fastrtps_cpp.so" to ""
-- Up-to-date: /home/iker/ros2_plan/src/install/syst_msgs/include/syst_msgs/syst_msgs
-- Up-to-date: /home/iker/ros2_plan/src/install/syst_msgs/include/syst_msgs/syst_msgs/srv
-- Up-to-date: /home/iker/ros2_plan/src/install/syst_msgs/include/syst_msgs/syst_msgs/srv/detail
-- Installing: /home/iker/ros2_plan/src/install/syst_msgs/include/syst_msgs/syst_msgs/srv/detail/adv_service__rosidl_typesupport_introspection_cpp.hpp
-- Installing: /home/iker/ros2_plan/src/install/syst_msgs/include/syst_msgs/syst_msgs/srv/detail/adv_service__type_support.cpp
-- Up-to-date: /home/iker/ros2_plan/src/install/syst_msgs/include/syst_msgs/syst_msgs/msg
-- Up-to-date: /home/iker/ros2_plan/src/install/syst_msgs/include/syst_msgs/syst_msgs/msg/detail
-- Installing: /home/iker/ros2_plan/src/install/syst_msgs/include/syst_msgs/syst_msgs/msg/detail/waypoints__rosidl_typesupport_introspection_cpp.hpp
-- Installing: /home/iker/ros2_plan/src/install/syst_msgs/include/syst_msgs/syst_msgs/msg/detail/waypoints__type_support.cpp
-- Installing: /home/iker/ros2_plan/src/install/syst_msgs/lib/libsyst_msgs__rosidl_typesupport_introspection_cpp.so
-- Set runtime path of "/home/iker/ros2_plan/src/install/syst_msgs/lib/libsyst_msgs__rosidl_typesupport_introspection_cpp.so" to ""
-- Installing: /home/iker/ros2_plan/src/install/syst_msgs/lib/libsyst_msgs__rosidl_typesupport_cpp.so
-- Set runtime path of "/home/iker/ros2_plan/src/install/syst_msgs/lib/libsyst_msgs__rosidl_typesupport_cpp.so" to ""
-- Installing: /home/iker/ros2_plan/src/install/syst_msgs/share/syst_msgs/environment/pythonpath.sh
-- Installing: /home/iker/ros2_plan/src/install/syst_msgs/share/syst_msgs/environment/pythonpath.dsv
-- Installing: /home/iker/ros2_plan/src/install/syst_msgs/local/lib/python3.10/dist-packages/syst_msgs-0.0.0-py3.10.egg-info
-- Installing: /home/iker/ros2_plan/src/install/syst_msgs/local/lib/python3.10/dist-packages/syst_msgs-0.0.0-py3.10.egg-info/dependency_links.txt
-- Installing: /home/iker/ros2_plan/src/install/syst_msgs/local/lib/python3.10/dist-packages/syst_msgs-0.0.0-py3.10.egg-info/SOURCES.txt
-- Installing: /home/iker/ros2_plan/src/install/syst_msgs/local/lib/python3.10/dist-packages/syst_msgs-0.0.0-py3.10.egg-info/PKG-INFO
-- Installing: /home/iker/ros2_plan/src/install/syst_msgs/local/lib/python3.10/dist-packages/syst_msgs-0.0.0-py3.10.egg-info/top_level.txt
-- Installing: /home/iker/ros2_plan/src/install/syst_msgs/local/lib/python3.10/dist-packages/syst_msgs
-- Installing: /home/iker/ros2_plan/src/install/syst_msgs/local/lib/python3.10/dist-packages/syst_msgs/srv
-- Installing: /home/iker/ros2_plan/src/install/syst_msgs/local/lib/python3.10/dist-packages/syst_msgs/srv/__init__.py
-- Installing: /home/iker/ros2_plan/src/install/syst_msgs/local/lib/python3.10/dist-packages/syst_msgs/srv/_adv_service.py
-- Installing: /home/iker/ros2_plan/src/install/syst_msgs/local/lib/python3.10/dist-packages/syst_msgs/srv/_adv_service_s.c
-- Installing: /home/iker/ros2_plan/src/install/syst_msgs/local/lib/python3.10/dist-packages/syst_msgs/__init__.py
-- Installing: /home/iker/ros2_plan/src/install/syst_msgs/local/lib/python3.10/dist-packages/syst_msgs/syst_msgs_s__rosidl_typesupport_c.cpython-310-x86_64-linux-gnu.so
-- Installing: /home/iker/ros2_plan/src/install/syst_msgs/local/lib/python3.10/dist-packages/syst_msgs/msg
-- Installing: /home/iker/ros2_plan/src/install/syst_msgs/local/lib/python3.10/dist-packages/syst_msgs/msg/_waypoints.py
-- Installing: /home/iker/ros2_plan/src/install/syst_msgs/local/lib/python3.10/dist-packages/syst_msgs/msg/_waypoints_s.c
-- Installing: /home/iker/ros2_plan/src/install/syst_msgs/local/lib/python3.10/dist-packages/syst_msgs/msg/__init__.py
-- Installing: /home/iker/ros2_plan/src/install/syst_msgs/local/lib/python3.10/dist-packages/syst_msgs/syst_msgs_s__rosidl_typesupport_introspection_c.cpython-310-x86_64-linux-gnu.so
-- Installing: /home/iker/ros2_plan/src/install/syst_msgs/local/lib/python3.10/dist-packages/syst_msgs/libsyst_msgs__rosidl_generator_py.so
-- Installing: /home/iker/ros2_plan/src/install/syst_msgs/local/lib/python3.10/dist-packages/syst_msgs/syst_msgs_s__rosidl_typesupport_fastrtps_c.cpython-310-x86_64-linux-gnu.so
-- Installing: /home/iker/ros2_plan/src/install/syst_msgs/local/lib/python3.10/dist-packages/syst_msgs/_syst_msgs_s.ep.rosidl_typesupport_fastrtps_c.c
-- Installing: /home/iker/ros2_plan/src/install/syst_msgs/local/lib/python3.10/dist-packages/syst_msgs/_syst_msgs_s.ep.rosidl_typesupport_c.c
-- Installing: /home/iker/ros2_plan/src/install/syst_msgs/local/lib/python3.10/dist-packages/syst_msgs/_syst_msgs_s.ep.rosidl_typesupport_introspection_c.c
Listing '/home/iker/ros2_plan/src/install/syst_msgs/local/lib/python3.10/dist-packages/syst_msgs'...
Compiling '/home/iker/ros2_plan/src/install/syst_msgs/local/lib/python3.10/dist-packages/syst_msgs/__init__.py'...
Listing '/home/iker/ros2_plan/src/install/syst_msgs/local/lib/python3.10/dist-packages/syst_msgs/msg'...
Compiling '/home/iker/ros2_plan/src/install/syst_msgs/local/lib/python3.10/dist-packages/syst_msgs/msg/__init__.py'...
Compiling '/home/iker/ros2_plan/src/install/syst_msgs/local/lib/python3.10/dist-packages/syst_msgs/msg/_waypoints.py'...
Listing '/home/iker/ros2_plan/src/install/syst_msgs/local/lib/python3.10/dist-packages/syst_msgs/srv'...
Compiling '/home/iker/ros2_plan/src/install/syst_msgs/local/lib/python3.10/dist-packages/syst_msgs/srv/__init__.py'...
Compiling '/home/iker/ros2_plan/src/install/syst_msgs/local/lib/python3.10/dist-packages/syst_msgs/srv/_adv_service.py'...
-- Installing: /home/iker/ros2_plan/src/install/syst_msgs/local/lib/python3.10/dist-packages/syst_msgs/syst_msgs_s__rosidl_typesupport_fastrtps_c.cpython-310-x86_64-linux-gnu.so
-- Set runtime path of "/home/iker/ros2_plan/src/install/syst_msgs/local/lib/python3.10/dist-packages/syst_msgs/syst_msgs_s__rosidl_typesupport_fastrtps_c.cpython-310-x86_64-linux-gnu.so" to ""
-- Installing: /home/iker/ros2_plan/src/install/syst_msgs/local/lib/python3.10/dist-packages/syst_msgs/syst_msgs_s__rosidl_typesupport_introspection_c.cpython-310-x86_64-linux-gnu.so
-- Set runtime path of "/home/iker/ros2_plan/src/install/syst_msgs/local/lib/python3.10/dist-packages/syst_msgs/syst_msgs_s__rosidl_typesupport_introspection_c.cpython-310-x86_64-linux-gnu.so" to ""
-- Installing: /home/iker/ros2_plan/src/install/syst_msgs/local/lib/python3.10/dist-packages/syst_msgs/syst_msgs_s__rosidl_typesupport_c.cpython-310-x86_64-linux-gnu.so
-- Set runtime path of "/home/iker/ros2_plan/src/install/syst_msgs/local/lib/python3.10/dist-packages/syst_msgs/syst_msgs_s__rosidl_typesupport_c.cpython-310-x86_64-linux-gnu.so" to ""
-- Installing: /home/iker/ros2_plan/src/install/syst_msgs/lib/libsyst_msgs__rosidl_generator_py.so
-- Set runtime path of "/home/iker/ros2_plan/src/install/syst_msgs/lib/libsyst_msgs__rosidl_generator_py.so" to ""
-- Installing: /home/iker/ros2_plan/src/install/syst_msgs/share/syst_msgs/srv/AdvService.idl
-- Installing: /home/iker/ros2_plan/src/install/syst_msgs/share/syst_msgs/msg/Waypoints.idl
-- Installing: /home/iker/ros2_plan/src/install/syst_msgs/share/syst_msgs/srv/AdvService.srv
-- Installing: /home/iker/ros2_plan/src/install/syst_msgs/share/syst_msgs/srv/AdvService_Request.msg
-- Installing: /home/iker/ros2_plan/src/install/syst_msgs/share/syst_msgs/srv/AdvService_Response.msg
-- Installing: /home/iker/ros2_plan/src/install/syst_msgs/share/syst_msgs/msg/Waypoints.msg
-- Installing: /home/iker/ros2_plan/src/install/syst_msgs/share/ament_index/resource_index/package_run_dependencies/syst_msgs
-- Installing: /home/iker/ros2_plan/src/install/syst_msgs/share/ament_index/resource_index/parent_prefix_path/syst_msgs
-- Installing: /home/iker/ros2_plan/src/install/syst_msgs/share/syst_msgs/environment/ament_prefix_path.sh
-- Installing: /home/iker/ros2_plan/src/install/syst_msgs/share/syst_msgs/environment/ament_prefix_path.dsv
-- Installing: /home/iker/ros2_plan/src/install/syst_msgs/share/syst_msgs/environment/path.sh
-- Installing: /home/iker/ros2_plan/src/install/syst_msgs/share/syst_msgs/environment/path.dsv
-- Installing: /home/iker/ros2_plan/src/install/syst_msgs/share/syst_msgs/local_setup.bash
-- Installing: /home/iker/ros2_plan/src/install/syst_msgs/share/syst_msgs/local_setup.sh
-- Installing: /home/iker/ros2_plan/src/install/syst_msgs/share/syst_msgs/local_setup.zsh
-- Installing: /home/iker/ros2_plan/src/install/syst_msgs/share/syst_msgs/local_setup.dsv
-- Installing: /home/iker/ros2_plan/src/install/syst_msgs/share/syst_msgs/package.dsv
-- Installing: /home/iker/ros2_plan/src/install/syst_msgs/share/ament_index/resource_index/packages/syst_msgs
-- Installing: /home/iker/ros2_plan/src/install/syst_msgs/share/syst_msgs/cmake/export_syst_msgs__rosidl_generator_cExport.cmake
-- Installing: /home/iker/ros2_plan/src/install/syst_msgs/share/syst_msgs/cmake/export_syst_msgs__rosidl_generator_cExport-noconfig.cmake
-- Installing: /home/iker/ros2_plan/src/install/syst_msgs/share/syst_msgs/cmake/export_syst_msgs__rosidl_typesupport_fastrtps_cExport.cmake
-- Installing: /home/iker/ros2_plan/src/install/syst_msgs/share/syst_msgs/cmake/export_syst_msgs__rosidl_typesupport_fastrtps_cExport-noconfig.cmake
-- Installing: /home/iker/ros2_plan/src/install/syst_msgs/share/syst_msgs/cmake/syst_msgs__rosidl_typesupport_introspection_cExport.cmake
-- Installing: /home/iker/ros2_plan/src/install/syst_msgs/share/syst_msgs/cmake/syst_msgs__rosidl_typesupport_introspection_cExport-noconfig.cmake
-- Installing: /home/iker/ros2_plan/src/install/syst_msgs/share/syst_msgs/cmake/syst_msgs__rosidl_typesupport_cExport.cmake
-- Installing: /home/iker/ros2_plan/src/install/syst_msgs/share/syst_msgs/cmake/syst_msgs__rosidl_typesupport_cExport-noconfig.cmake
-- Installing: /home/iker/ros2_plan/src/install/syst_msgs/share/syst_msgs/cmake/export_syst_msgs__rosidl_generator_cppExport.cmake
-- Installing: /home/iker/ros2_plan/src/install/syst_msgs/share/syst_msgs/cmake/export_syst_msgs__rosidl_typesupport_fastrtps_cppExport.cmake
-- Installing: /home/iker/ros2_plan/src/install/syst_msgs/share/syst_msgs/cmake/export_syst_msgs__rosidl_typesupport_fastrtps_cppExport-noconfig.cmake
-- Installing: /home/iker/ros2_plan/src/install/syst_msgs/share/syst_msgs/cmake/syst_msgs__rosidl_typesupport_introspection_cppExport.cmake
-- Installing: /home/iker/ros2_plan/src/install/syst_msgs/share/syst_msgs/cmake/syst_msgs__rosidl_typesupport_introspection_cppExport-noconfig.cmake
-- Installing: /home/iker/ros2_plan/src/install/syst_msgs/share/syst_msgs/cmake/syst_msgs__rosidl_typesupport_cppExport.cmake
-- Installing: /home/iker/ros2_plan/src/install/syst_msgs/share/syst_msgs/cmake/syst_msgs__rosidl_typesupport_cppExport-noconfig.cmake
-- Installing: /home/iker/ros2_plan/src/install/syst_msgs/share/syst_msgs/cmake/export_syst_msgs__rosidl_generator_pyExport.cmake
-- Installing: /home/iker/ros2_plan/src/install/syst_msgs/share/syst_msgs/cmake/export_syst_msgs__rosidl_generator_pyExport-noconfig.cmake
-- Installing: /home/iker/ros2_plan/src/install/syst_msgs/share/syst_msgs/cmake/rosidl_cmake-extras.cmake
-- Installing: /home/iker/ros2_plan/src/install/syst_msgs/share/syst_msgs/cmake/ament_cmake_export_include_directories-extras.cmake
-- Installing: /home/iker/ros2_plan/src/install/syst_msgs/share/syst_msgs/cmake/ament_cmake_export_libraries-extras.cmake
-- Installing: /home/iker/ros2_plan/src/install/syst_msgs/share/syst_msgs/cmake/ament_cmake_export_targets-extras.cmake
-- Installing: /home/iker/ros2_plan/src/install/syst_msgs/share/syst_msgs/cmake/rosidl_cmake_export_typesupport_targets-extras.cmake
-- Installing: /home/iker/ros2_plan/src/install/syst_msgs/share/syst_msgs/cmake/ament_cmake_export_dependencies-extras.cmake
-- Installing: /home/iker/ros2_plan/src/install/syst_msgs/share/syst_msgs/cmake/rosidl_cmake_export_typesupport_libraries-extras.cmake
-- Installing: /home/iker/ros2_plan/src/install/syst_msgs/share/syst_msgs/cmake/syst_msgsConfig.cmake
-- Installing: /home/iker/ros2_plan/src/install/syst_msgs/share/syst_msgs/cmake/syst_msgsConfig-version.cmake
-- Installing: /home/iker/ros2_plan/src/install/syst_msgs/share/syst_msgs/package.xml
