/home/iker/ros2_plan/src/install/planning_algorithm/lib/python3.10/site-packages/planning_algorithm/readcsv.py
/home/iker/ros2_plan/src/install/planning_algorithm/lib/python3.10/site-packages/planning_algorithm/back_and_forth.py
/home/iker/ros2_plan/src/install/planning_algorithm/lib/python3.10/site-packages/planning_algorithm/__init__.py
/home/iker/ros2_plan/src/install/planning_algorithm/lib/python3.10/site-packages/planning_algorithm/spiral.py
/home/iker/ros2_plan/src/install/planning_algorithm/lib/python3.10/site-packages/planning_algorithm/heterogeneous_calculation.py
/home/iker/ros2_plan/src/install/planning_algorithm/lib/python3.10/site-packages/planning_algorithm/polygon_division.py
/home/iker/ros2_plan/src/install/planning_algorithm/lib/python3.10/site-packages/planning_algorithm/main.py
/home/iker/ros2_plan/src/install/planning_algorithm/lib/python3.10/site-packages/planning_algorithm/graphical_info.py
/home/iker/ros2_plan/src/install/planning_algorithm/lib/python3.10/site-packages/planning_algorithm/__pycache__/readcsv.cpython-310.pyc
/home/iker/ros2_plan/src/install/planning_algorithm/lib/python3.10/site-packages/planning_algorithm/__pycache__/back_and_forth.cpython-310.pyc
/home/iker/ros2_plan/src/install/planning_algorithm/lib/python3.10/site-packages/planning_algorithm/__pycache__/__init__.cpython-310.pyc
/home/iker/ros2_plan/src/install/planning_algorithm/lib/python3.10/site-packages/planning_algorithm/__pycache__/spiral.cpython-310.pyc
/home/iker/ros2_plan/src/install/planning_algorithm/lib/python3.10/site-packages/planning_algorithm/__pycache__/heterogeneous_calculation.cpython-310.pyc
/home/iker/ros2_plan/src/install/planning_algorithm/lib/python3.10/site-packages/planning_algorithm/__pycache__/polygon_division.cpython-310.pyc
/home/iker/ros2_plan/src/install/planning_algorithm/lib/python3.10/site-packages/planning_algorithm/__pycache__/main.cpython-310.pyc
/home/iker/ros2_plan/src/install/planning_algorithm/lib/python3.10/site-packages/planning_algorithm/__pycache__/graphical_info.cpython-310.pyc
/home/iker/ros2_plan/src/install/planning_algorithm/share/ament_index/resource_index/packages/planning_algorithm
/home/iker/ros2_plan/src/install/planning_algorithm/share/planning_algorithm/package.xml
/home/iker/ros2_plan/src/install/planning_algorithm/lib/python3.10/site-packages/planning_algorithm-0.0.0-py3.10.egg-info/zip-safe
/home/iker/ros2_plan/src/install/planning_algorithm/lib/python3.10/site-packages/planning_algorithm-0.0.0-py3.10.egg-info/dependency_links.txt
/home/iker/ros2_plan/src/install/planning_algorithm/lib/python3.10/site-packages/planning_algorithm-0.0.0-py3.10.egg-info/requires.txt
/home/iker/ros2_plan/src/install/planning_algorithm/lib/python3.10/site-packages/planning_algorithm-0.0.0-py3.10.egg-info/SOURCES.txt
/home/iker/ros2_plan/src/install/planning_algorithm/lib/python3.10/site-packages/planning_algorithm-0.0.0-py3.10.egg-info/PKG-INFO
/home/iker/ros2_plan/src/install/planning_algorithm/lib/python3.10/site-packages/planning_algorithm-0.0.0-py3.10.egg-info/top_level.txt
/home/iker/ros2_plan/src/install/planning_algorithm/lib/python3.10/site-packages/planning_algorithm-0.0.0-py3.10.egg-info/entry_points.txt
