[1.393s] DEBUG:colcon:Command line arguments: ['/usr/bin/colcon', 'list', '-p', '--base-paths', '/home/iker/ros2_plan/src/planificador/launch']
[1.394s] DEBUG:colcon:Parsed command line arguments: Namespace(log_base=None, log_level=None, verb_name='list', build_base='build', ignore_user_meta=False, metas=['./colcon.meta'], base_paths=['/home/iker/ros2_plan/src/planificador/launch'], packages_ignore=None, packages_ignore_regex=None, paths=None, packages_up_to=None, packages_up_to_regex=None, packages_above=None, packages_above_and_dependencies=None, packages_above_depth=None, packages_select_by_dep=None, packages_skip_by_dep=None, packages_skip_up_to=None, packages_select_build_failed=False, packages_skip_build_finished=False, packages_select_test_failures=False, packages_skip_test_passed=False, packages_select=None, packages_skip=None, packages_select_regex=None, packages_skip_regex=None, packages_start=None, packages_end=None, allow_overriding=[], topological_order=False, names_only=False, paths_only=True, topological_graph=False, topological_graph_dot=False, topological_graph_density=False, topological_graph_legend=False, topological_graph_dot_cluster=False, topological_graph_dot_include_skipped=False, verb_parser=<colcon_defaults.argument_parser.defaults.DefaultArgumentsDecorator object at 0x7e47a6133a30>, verb_extension=<colcon_package_information.verb.list.ListVerb object at 0x7e47a627be80>, main=<bound method ListVerb.main of <colcon_package_information.verb.list.ListVerb object at 0x7e47a627be80>>)
[1.497s] Level 1:colcon.colcon_core.package_discovery:discover_packages(colcon_meta) check parameters
[1.498s] Level 1:colcon.colcon_core.package_discovery:discover_packages(recursive) check parameters
[1.498s] Level 1:colcon.colcon_core.package_discovery:discover_packages(ignore) check parameters
[1.498s] Level 1:colcon.colcon_core.package_discovery:discover_packages(path) check parameters
[1.498s] Level 1:colcon.colcon_core.package_discovery:discover_packages(recursive) discover
[1.498s] INFO:colcon.colcon_core.package_discovery:Crawling recursively for packages in '/home/iker/ros2_plan/src/planificador/launch'
[1.499s] Level 1:colcon.colcon_core.package_identification:_identify(/home/iker/ros2_plan/src/planificador/launch) by extensions ['ignore', 'ignore_ament_install']
[1.499s] Level 1:colcon.colcon_core.package_identification:_identify(/home/iker/ros2_plan/src/planificador/launch) by extension 'ignore'
[1.499s] Level 1:colcon.colcon_core.package_identification:_identify(/home/iker/ros2_plan/src/planificador/launch) by extension 'ignore_ament_install'
[1.499s] Level 1:colcon.colcon_core.package_identification:_identify(/home/iker/ros2_plan/src/planificador/launch) by extensions ['colcon_pkg']
[1.499s] Level 1:colcon.colcon_core.package_identification:_identify(/home/iker/ros2_plan/src/planificador/launch) by extension 'colcon_pkg'
[1.500s] Level 1:colcon.colcon_core.package_identification:_identify(/home/iker/ros2_plan/src/planificador/launch) by extensions ['colcon_meta']
[1.500s] Level 1:colcon.colcon_core.package_identification:_identify(/home/iker/ros2_plan/src/planificador/launch) by extension 'colcon_meta'
[1.500s] Level 1:colcon.colcon_core.package_identification:_identify(/home/iker/ros2_plan/src/planificador/launch) by extensions ['ros']
[1.500s] Level 1:colcon.colcon_core.package_identification:_identify(/home/iker/ros2_plan/src/planificador/launch) by extension 'ros'
[1.520s] Level 1:colcon.colcon_core.package_identification:_identify(/home/iker/ros2_plan/src/planificador/launch) by extensions ['cmake', 'python']
[1.520s] Level 1:colcon.colcon_core.package_identification:_identify(/home/iker/ros2_plan/src/planificador/launch) by extension 'cmake'
[1.520s] Level 1:colcon.colcon_core.package_identification:_identify(/home/iker/ros2_plan/src/planificador/launch) by extension 'python'
[1.520s] Level 1:colcon.colcon_core.package_identification:_identify(/home/iker/ros2_plan/src/planificador/launch) by extensions ['python_setup_py']
[1.521s] Level 1:colcon.colcon_core.package_identification:_identify(/home/iker/ros2_plan/src/planificador/launch) by extension 'python_setup_py'
[1.521s] Level 1:colcon.colcon_core.package_identification:_identify(/home/iker/ros2_plan/src/planificador/launch/log) by extensions ['ignore', 'ignore_ament_install']
[1.521s] Level 1:colcon.colcon_core.package_identification:_identify(/home/iker/ros2_plan/src/planificador/launch/log) by extension 'ignore'
[1.522s] Level 1:colcon.colcon_core.package_identification:_identify(/home/iker/ros2_plan/src/planificador/launch/log) ignored
[1.522s] Level 1:colcon.colcon_core.package_discovery:discover_packages(recursive) using defaults
