running egg_info
creating ../build/planning_algorithm/planning_algorithm.egg-info
writing ../build/planning_algorithm/planning_algorithm.egg-info/PKG-INFO
writing dependency_links to ../build/planning_algorithm/planning_algorithm.egg-info/dependency_links.txt
writing entry points to ../build/planning_algorithm/planning_algorithm.egg-info/entry_points.txt
writing requirements to ../build/planning_algorithm/planning_algorithm.egg-info/requires.txt
writing top-level names to ../build/planning_algorithm/planning_algorithm.egg-info/top_level.txt
writing manifest file '../build/planning_algorithm/planning_algorithm.egg-info/SOURCES.txt'
reading manifest file '../build/planning_algorithm/planning_algorithm.egg-info/SOURCES.txt'
writing manifest file '../build/planning_algorithm/planning_algorithm.egg-info/SOURCES.txt'
running build
running build_py
creating /home/iker/ros2_plan/src/build/planning_algorithm/build
creating /home/iker/ros2_plan/src/build/planning_algorithm/build/lib
creating /home/iker/ros2_plan/src/build/planning_algorithm/build/lib/planning_algorithm
copying planning_algorithm/readcsv.py -> /home/iker/ros2_plan/src/build/planning_algorithm/build/lib/planning_algorithm
copying planning_algorithm/back_and_forth.py -> /home/iker/ros2_plan/src/build/planning_algorithm/build/lib/planning_algorithm
copying planning_algorithm/__init__.py -> /home/iker/ros2_plan/src/build/planning_algorithm/build/lib/planning_algorithm
copying planning_algorithm/spiral.py -> /home/iker/ros2_plan/src/build/planning_algorithm/build/lib/planning_algorithm
copying planning_algorithm/heterogeneous_calculation.py -> /home/iker/ros2_plan/src/build/planning_algorithm/build/lib/planning_algorithm
copying planning_algorithm/polygon_division.py -> /home/iker/ros2_plan/src/build/planning_algorithm/build/lib/planning_algorithm
copying planning_algorithm/main.py -> /home/iker/ros2_plan/src/build/planning_algorithm/build/lib/planning_algorithm
copying planning_algorithm/graphical_info.py -> /home/iker/ros2_plan/src/build/planning_algorithm/build/lib/planning_algorithm
running install
running install_lib
creating /home/iker/ros2_plan/src/install/planning_algorithm/lib/python3.10/site-packages/planning_algorithm
copying /home/iker/ros2_plan/src/build/planning_algorithm/build/lib/planning_algorithm/readcsv.py -> /home/iker/ros2_plan/src/install/planning_algorithm/lib/python3.10/site-packages/planning_algorithm
copying /home/iker/ros2_plan/src/build/planning_algorithm/build/lib/planning_algorithm/back_and_forth.py -> /home/iker/ros2_plan/src/install/planning_algorithm/lib/python3.10/site-packages/planning_algorithm
copying /home/iker/ros2_plan/src/build/planning_algorithm/build/lib/planning_algorithm/__init__.py -> /home/iker/ros2_plan/src/install/planning_algorithm/lib/python3.10/site-packages/planning_algorithm
copying /home/iker/ros2_plan/src/build/planning_algorithm/build/lib/planning_algorithm/spiral.py -> /home/iker/ros2_plan/src/install/planning_algorithm/lib/python3.10/site-packages/planning_algorithm
copying /home/iker/ros2_plan/src/build/planning_algorithm/build/lib/planning_algorithm/heterogeneous_calculation.py -> /home/iker/ros2_plan/src/install/planning_algorithm/lib/python3.10/site-packages/planning_algorithm
copying /home/iker/ros2_plan/src/build/planning_algorithm/build/lib/planning_algorithm/polygon_division.py -> /home/iker/ros2_plan/src/install/planning_algorithm/lib/python3.10/site-packages/planning_algorithm
copying /home/iker/ros2_plan/src/build/planning_algorithm/build/lib/planning_algorithm/main.py -> /home/iker/ros2_plan/src/install/planning_algorithm/lib/python3.10/site-packages/planning_algorithm
copying /home/iker/ros2_plan/src/build/planning_algorithm/build/lib/planning_algorithm/graphical_info.py -> /home/iker/ros2_plan/src/install/planning_algorithm/lib/python3.10/site-packages/planning_algorithm
byte-compiling /home/iker/ros2_plan/src/install/planning_algorithm/lib/python3.10/site-packages/planning_algorithm/readcsv.py to readcsv.cpython-310.pyc
byte-compiling /home/iker/ros2_plan/src/install/planning_algorithm/lib/python3.10/site-packages/planning_algorithm/back_and_forth.py to back_and_forth.cpython-310.pyc
byte-compiling /home/iker/ros2_plan/src/install/planning_algorithm/lib/python3.10/site-packages/planning_algorithm/__init__.py to __init__.cpython-310.pyc
byte-compiling /home/iker/ros2_plan/src/install/planning_algorithm/lib/python3.10/site-packages/planning_algorithm/spiral.py to spiral.cpython-310.pyc
byte-compiling /home/iker/ros2_plan/src/install/planning_algorithm/lib/python3.10/site-packages/planning_algorithm/heterogeneous_calculation.py to heterogeneous_calculation.cpython-310.pyc
byte-compiling /home/iker/ros2_plan/src/install/planning_algorithm/lib/python3.10/site-packages/planning_algorithm/polygon_division.py to polygon_division.cpython-310.pyc
byte-compiling /home/iker/ros2_plan/src/install/planning_algorithm/lib/python3.10/site-packages/planning_algorithm/main.py to main.cpython-310.pyc
byte-compiling /home/iker/ros2_plan/src/install/planning_algorithm/lib/python3.10/site-packages/planning_algorithm/graphical_info.py to graphical_info.cpython-310.pyc
running install_data
creating /home/iker/ros2_plan/src/install/planning_algorithm/share/ament_index
creating /home/iker/ros2_plan/src/install/planning_algorithm/share/ament_index/resource_index
creating /home/iker/ros2_plan/src/install/planning_algorithm/share/ament_index/resource_index/packages
copying resource/planning_algorithm -> /home/iker/ros2_plan/src/install/planning_algorithm/share/ament_index/resource_index/packages
copying package.xml -> /home/iker/ros2_plan/src/install/planning_algorithm/share/planning_algorithm
running install_egg_info
Copying ../build/planning_algorithm/planning_algorithm.egg-info to /home/iker/ros2_plan/src/install/planning_algorithm/lib/python3.10/site-packages/planning_algorithm-0.0.0-py3.10.egg-info
running install_scripts
writing list of installed files to '/home/iker/ros2_plan/src/build/planning_algorithm/install.log'
