[0.821s] Invoking command in '/home/iker/ros2_plan/src/planning_algorithm': PYTHONPATH=/home/iker/ros2_plan/src/build/planning_algorithm/prefix_override:/home/iker/ros2_plan/src/install/planning_algorithm/lib/python3.10/site-packages:${PYTHONPATH} /usr/bin/python3 setup.py egg_info --egg-base ../build/planning_algorithm build --build-base /home/iker/ros2_plan/src/build/planning_algorithm/build install --record /home/iker/ros2_plan/src/build/planning_algorithm/install.log --single-version-externally-managed
[1.126s] running egg_info
[1.127s] creating ../build/planning_algorithm/planning_algorithm.egg-info
[1.127s] writing ../build/planning_algorithm/planning_algorithm.egg-info/PKG-INFO
[1.127s] writing dependency_links to ../build/planning_algorithm/planning_algorithm.egg-info/dependency_links.txt
[1.127s] writing entry points to ../build/planning_algorithm/planning_algorithm.egg-info/entry_points.txt
[1.127s] writing requirements to ../build/planning_algorithm/planning_algorithm.egg-info/requires.txt
[1.128s] writing top-level names to ../build/planning_algorithm/planning_algorithm.egg-info/top_level.txt
[1.128s] writing manifest file '../build/planning_algorithm/planning_algorithm.egg-info/SOURCES.txt'
[1.129s] reading manifest file '../build/planning_algorithm/planning_algorithm.egg-info/SOURCES.txt'
[1.131s] writing manifest file '../build/planning_algorithm/planning_algorithm.egg-info/SOURCES.txt'
[1.132s] running build
[1.132s] running build_py
[1.132s] creating /home/iker/ros2_plan/src/build/planning_algorithm/build
[1.133s] creating /home/iker/ros2_plan/src/build/planning_algorithm/build/lib
[1.133s] creating /home/iker/ros2_plan/src/build/planning_algorithm/build/lib/planning_algorithm
[1.134s] copying planning_algorithm/readcsv.py -> /home/iker/ros2_plan/src/build/planning_algorithm/build/lib/planning_algorithm
[1.134s] copying planning_algorithm/back_and_forth.py -> /home/iker/ros2_plan/src/build/planning_algorithm/build/lib/planning_algorithm
[1.134s] copying planning_algorithm/__init__.py -> /home/iker/ros2_plan/src/build/planning_algorithm/build/lib/planning_algorithm
[1.134s] copying planning_algorithm/spiral.py -> /home/iker/ros2_plan/src/build/planning_algorithm/build/lib/planning_algorithm
[1.134s] copying planning_algorithm/heterogeneous_calculation.py -> /home/iker/ros2_plan/src/build/planning_algorithm/build/lib/planning_algorithm
[1.135s] copying planning_algorithm/polygon_division.py -> /home/iker/ros2_plan/src/build/planning_algorithm/build/lib/planning_algorithm
[1.135s] copying planning_algorithm/main.py -> /home/iker/ros2_plan/src/build/planning_algorithm/build/lib/planning_algorithm
[1.135s] copying planning_algorithm/graphical_info.py -> /home/iker/ros2_plan/src/build/planning_algorithm/build/lib/planning_algorithm
[1.135s] running install
[1.135s] running install_lib
[1.135s] creating /home/iker/ros2_plan/src/install/planning_algorithm/lib/python3.10/site-packages/planning_algorithm
[1.135s] copying /home/iker/ros2_plan/src/build/planning_algorithm/build/lib/planning_algorithm/readcsv.py -> /home/iker/ros2_plan/src/install/planning_algorithm/lib/python3.10/site-packages/planning_algorithm
[1.135s] copying /home/iker/ros2_plan/src/build/planning_algorithm/build/lib/planning_algorithm/back_and_forth.py -> /home/iker/ros2_plan/src/install/planning_algorithm/lib/python3.10/site-packages/planning_algorithm
[1.135s] copying /home/iker/ros2_plan/src/build/planning_algorithm/build/lib/planning_algorithm/__init__.py -> /home/iker/ros2_plan/src/install/planning_algorithm/lib/python3.10/site-packages/planning_algorithm
[1.135s] copying /home/iker/ros2_plan/src/build/planning_algorithm/build/lib/planning_algorithm/spiral.py -> /home/iker/ros2_plan/src/install/planning_algorithm/lib/python3.10/site-packages/planning_algorithm
[1.135s] copying /home/iker/ros2_plan/src/build/planning_algorithm/build/lib/planning_algorithm/heterogeneous_calculation.py -> /home/iker/ros2_plan/src/install/planning_algorithm/lib/python3.10/site-packages/planning_algorithm
[1.136s] copying /home/iker/ros2_plan/src/build/planning_algorithm/build/lib/planning_algorithm/polygon_division.py -> /home/iker/ros2_plan/src/install/planning_algorithm/lib/python3.10/site-packages/planning_algorithm
[1.139s] copying /home/iker/ros2_plan/src/build/planning_algorithm/build/lib/planning_algorithm/main.py -> /home/iker/ros2_plan/src/install/planning_algorithm/lib/python3.10/site-packages/planning_algorithm
[1.139s] copying /home/iker/ros2_plan/src/build/planning_algorithm/build/lib/planning_algorithm/graphical_info.py -> /home/iker/ros2_plan/src/install/planning_algorithm/lib/python3.10/site-packages/planning_algorithm
[1.139s] byte-compiling /home/iker/ros2_plan/src/install/planning_algorithm/lib/python3.10/site-packages/planning_algorithm/readcsv.py to readcsv.cpython-310.pyc
[1.139s] byte-compiling /home/iker/ros2_plan/src/install/planning_algorithm/lib/python3.10/site-packages/planning_algorithm/back_and_forth.py to back_and_forth.cpython-310.pyc
[1.139s] byte-compiling /home/iker/ros2_plan/src/install/planning_algorithm/lib/python3.10/site-packages/planning_algorithm/__init__.py to __init__.cpython-310.pyc
[1.140s] byte-compiling /home/iker/ros2_plan/src/install/planning_algorithm/lib/python3.10/site-packages/planning_algorithm/spiral.py to spiral.cpython-310.pyc
[1.141s] byte-compiling /home/iker/ros2_plan/src/install/planning_algorithm/lib/python3.10/site-packages/planning_algorithm/heterogeneous_calculation.py to heterogeneous_calculation.cpython-310.pyc
[1.142s] byte-compiling /home/iker/ros2_plan/src/install/planning_algorithm/lib/python3.10/site-packages/planning_algorithm/polygon_division.py to polygon_division.cpython-310.pyc
[1.143s] byte-compiling /home/iker/ros2_plan/src/install/planning_algorithm/lib/python3.10/site-packages/planning_algorithm/main.py to main.cpython-310.pyc
[1.146s] byte-compiling /home/iker/ros2_plan/src/install/planning_algorithm/lib/python3.10/site-packages/planning_algorithm/graphical_info.py to graphical_info.cpython-310.pyc
[1.147s] running install_data
[1.147s] creating /home/iker/ros2_plan/src/install/planning_algorithm/share/ament_index
[1.147s] creating /home/iker/ros2_plan/src/install/planning_algorithm/share/ament_index/resource_index
[1.148s] creating /home/iker/ros2_plan/src/install/planning_algorithm/share/ament_index/resource_index/packages
[1.148s] copying resource/planning_algorithm -> /home/iker/ros2_plan/src/install/planning_algorithm/share/ament_index/resource_index/packages
[1.148s] copying package.xml -> /home/iker/ros2_plan/src/install/planning_algorithm/share/planning_algorithm
[1.149s] running install_egg_info
[1.150s] Copying ../build/planning_algorithm/planning_algorithm.egg-info to /home/iker/ros2_plan/src/install/planning_algorithm/lib/python3.10/site-packages/planning_algorithm-0.0.0-py3.10.egg-info
[1.150s] running install_scripts
[1.168s] writing list of installed files to '/home/iker/ros2_plan/src/build/planning_algorithm/install.log'
[1.202s] Invoked command in '/home/iker/ros2_plan/src/planning_algorithm' returned '0': PYTHONPATH=/home/iker/ros2_plan/src/build/planning_algorithm/prefix_override:/home/iker/ros2_plan/src/install/planning_algorithm/lib/python3.10/site-packages:${PYTHONPATH} /usr/bin/python3 setup.py egg_info --egg-base ../build/planning_algorithm build --build-base /home/iker/ros2_plan/src/build/planning_algorithm/build install --record /home/iker/ros2_plan/src/build/planning_algorithm/install.log --single-version-externally-managed
