/home/iker/ros2_plan/src/install/planificador/lib/python3.10/site-packages/planificador/client.py
/home/iker/ros2_plan/src/install/planificador/lib/python3.10/site-packages/planificador/client3.py
/home/iker/ros2_plan/src/install/planificador/lib/python3.10/site-packages/planificador/__init__.py
/home/iker/ros2_plan/src/install/planificador/lib/python3.10/site-packages/planificador/wps_processation_tools.py
/home/iker/ros2_plan/src/install/planificador/lib/python3.10/site-packages/planificador/client2.py
/home/iker/ros2_plan/src/install/planificador/lib/python3.10/site-packages/planificador/service.py
/home/iker/ros2_plan/src/install/planificador/lib/python3.10/site-packages/planificador/__pycache__/client.cpython-310.pyc
/home/iker/ros2_plan/src/install/planificador/lib/python3.10/site-packages/planificador/__pycache__/client3.cpython-310.pyc
/home/iker/ros2_plan/src/install/planificador/lib/python3.10/site-packages/planificador/__pycache__/__init__.cpython-310.pyc
/home/iker/ros2_plan/src/install/planificador/lib/python3.10/site-packages/planificador/__pycache__/wps_processation_tools.cpython-310.pyc
/home/iker/ros2_plan/src/install/planificador/lib/python3.10/site-packages/planificador/__pycache__/client2.cpython-310.pyc
/home/iker/ros2_plan/src/install/planificador/lib/python3.10/site-packages/planificador/__pycache__/service.cpython-310.pyc
/home/iker/ros2_plan/src/install/planificador/share/ament_index/resource_index/packages/planificador
/home/iker/ros2_plan/src/install/planificador/share/planificador/package.xml
/home/iker/ros2_plan/src/install/planificador/share/planificador/launch/launch.py
/home/iker/ros2_plan/src/install/planificador/share/planificador/config/perimeter.yaml
/home/iker/ros2_plan/src/install/planificador/lib/python3.10/site-packages/planificador-0.0.0-py3.10.egg-info/zip-safe
/home/iker/ros2_plan/src/install/planificador/lib/python3.10/site-packages/planificador-0.0.0-py3.10.egg-info/dependency_links.txt
/home/iker/ros2_plan/src/install/planificador/lib/python3.10/site-packages/planificador-0.0.0-py3.10.egg-info/requires.txt
/home/iker/ros2_plan/src/install/planificador/lib/python3.10/site-packages/planificador-0.0.0-py3.10.egg-info/SOURCES.txt
/home/iker/ros2_plan/src/install/planificador/lib/python3.10/site-packages/planificador-0.0.0-py3.10.egg-info/PKG-INFO
/home/iker/ros2_plan/src/install/planificador/lib/python3.10/site-packages/planificador-0.0.0-py3.10.egg-info/top_level.txt
/home/iker/ros2_plan/src/install/planificador/lib/python3.10/site-packages/planificador-0.0.0-py3.10.egg-info/entry_points.txt
/home/iker/ros2_plan/src/install/planificador/lib/planificador/client
/home/iker/ros2_plan/src/install/planificador/lib/planificador/client2
/home/iker/ros2_plan/src/install/planificador/lib/planificador/client3
/home/iker/ros2_plan/src/install/planificador/lib/planificador/server
