running egg_info
creating ../build/planificador/planificador.egg-info
writing ../build/planificador/planificador.egg-info/PKG-INFO
writing dependency_links to ../build/planificador/planificador.egg-info/dependency_links.txt
writing entry points to ../build/planificador/planificador.egg-info/entry_points.txt
writing requirements to ../build/planificador/planificador.egg-info/requires.txt
writing top-level names to ../build/planificador/planificador.egg-info/top_level.txt
writing manifest file '../build/planificador/planificador.egg-info/SOURCES.txt'
reading manifest file '../build/planificador/planificador.egg-info/SOURCES.txt'
adding license file 'LICENSE'
writing manifest file '../build/planificador/planificador.egg-info/SOURCES.txt'
running build
running build_py
creating /home/iker/ros2_plan/src/build/planificador/build
creating /home/iker/ros2_plan/src/build/planificador/build/lib
creating /home/iker/ros2_plan/src/build/planificador/build/lib/planificador
copying planificador/client.py -> /home/iker/ros2_plan/src/build/planificador/build/lib/planificador
copying planificador/client3.py -> /home/iker/ros2_plan/src/build/planificador/build/lib/planificador
copying planificador/__init__.py -> /home/iker/ros2_plan/src/build/planificador/build/lib/planificador
copying planificador/wps_processation_tools.py -> /home/iker/ros2_plan/src/build/planificador/build/lib/planificador
copying planificador/client2.py -> /home/iker/ros2_plan/src/build/planificador/build/lib/planificador
copying planificador/service.py -> /home/iker/ros2_plan/src/build/planificador/build/lib/planificador
running install
running install_lib
creating /home/iker/ros2_plan/src/install/planificador/lib/python3.10/site-packages/planificador
copying /home/iker/ros2_plan/src/build/planificador/build/lib/planificador/client.py -> /home/iker/ros2_plan/src/install/planificador/lib/python3.10/site-packages/planificador
copying /home/iker/ros2_plan/src/build/planificador/build/lib/planificador/client3.py -> /home/iker/ros2_plan/src/install/planificador/lib/python3.10/site-packages/planificador
copying /home/iker/ros2_plan/src/build/planificador/build/lib/planificador/__init__.py -> /home/iker/ros2_plan/src/install/planificador/lib/python3.10/site-packages/planificador
copying /home/iker/ros2_plan/src/build/planificador/build/lib/planificador/wps_processation_tools.py -> /home/iker/ros2_plan/src/install/planificador/lib/python3.10/site-packages/planificador
copying /home/iker/ros2_plan/src/build/planificador/build/lib/planificador/client2.py -> /home/iker/ros2_plan/src/install/planificador/lib/python3.10/site-packages/planificador
copying /home/iker/ros2_plan/src/build/planificador/build/lib/planificador/service.py -> /home/iker/ros2_plan/src/install/planificador/lib/python3.10/site-packages/planificador
byte-compiling /home/iker/ros2_plan/src/install/planificador/lib/python3.10/site-packages/planificador/client.py to client.cpython-310.pyc
byte-compiling /home/iker/ros2_plan/src/install/planificador/lib/python3.10/site-packages/planificador/client3.py to client3.cpython-310.pyc
byte-compiling /home/iker/ros2_plan/src/install/planificador/lib/python3.10/site-packages/planificador/__init__.py to __init__.cpython-310.pyc
byte-compiling /home/iker/ros2_plan/src/install/planificador/lib/python3.10/site-packages/planificador/wps_processation_tools.py to wps_processation_tools.cpython-310.pyc
byte-compiling /home/iker/ros2_plan/src/install/planificador/lib/python3.10/site-packages/planificador/client2.py to client2.cpython-310.pyc
byte-compiling /home/iker/ros2_plan/src/install/planificador/lib/python3.10/site-packages/planificador/service.py to service.cpython-310.pyc
running install_data
creating /home/iker/ros2_plan/src/install/planificador/share/ament_index
creating /home/iker/ros2_plan/src/install/planificador/share/ament_index/resource_index
creating /home/iker/ros2_plan/src/install/planificador/share/ament_index/resource_index/packages
copying resource/planificador -> /home/iker/ros2_plan/src/install/planificador/share/ament_index/resource_index/packages
copying package.xml -> /home/iker/ros2_plan/src/install/planificador/share/planificador
creating /home/iker/ros2_plan/src/install/planificador/share/planificador/launch
copying launch/launch.py -> /home/iker/ros2_plan/src/install/planificador/share/planificador/launch
creating /home/iker/ros2_plan/src/install/planificador/share/planificador/config
copying config/perimeter.yaml -> /home/iker/ros2_plan/src/install/planificador/share/planificador/config
running install_egg_info
Copying ../build/planificador/planificador.egg-info to /home/iker/ros2_plan/src/install/planificador/lib/python3.10/site-packages/planificador-0.0.0-py3.10.egg-info
running install_scripts
Installing client script to /home/iker/ros2_plan/src/install/planificador/lib/planificador
Installing client2 script to /home/iker/ros2_plan/src/install/planificador/lib/planificador
Installing client3 script to /home/iker/ros2_plan/src/install/planificador/lib/planificador
Installing server script to /home/iker/ros2_plan/src/install/planificador/lib/planificador
writing list of installed files to '/home/iker/ros2_plan/src/build/planificador/install.log'
