[0.784s] DEBUG:colcon:Command line arguments: ['/usr/bin/colcon', 'build']
[0.784s] DEBUG:colcon:Parsed command line arguments: Namespace(log_base=None, log_level=None, verb_name='build', build_base='build', install_base='install', merge_install=False, symlink_install=False, test_result_base=None, continue_on_error=False, executor='parallel', parallel_workers=6, event_handlers=None, ignore_user_meta=False, metas=['./colcon.meta'], base_paths=['.'], packages_ignore=None, packages_ignore_regex=None, paths=None, packages_up_to=None, packages_up_to_regex=None, packages_above=None, packages_above_and_dependencies=None, packages_above_depth=None, packages_select_by_dep=None, packages_skip_by_dep=None, packages_skip_up_to=None, packages_select_build_failed=False, packages_skip_build_finished=False, packages_select_test_failures=False, packages_skip_test_passed=False, packages_select=None, packages_skip=None, packages_select_regex=None, packages_skip_regex=None, packages_start=None, packages_end=None, allow_overriding=[], cmake_args=None, cmake_target=None, cmake_target_skip_unavailable=False, cmake_clean_cache=False, cmake_clean_first=False, cmake_force_configure=False, ament_cmake_args=None, catkin_cmake_args=None, catkin_skip_building_tests=False, verb_parser=<colcon_defaults.argument_parser.defaults.DefaultArgumentsDecorator object at 0x7dbc308795a0>, verb_extension=<colcon_core.verb.build.BuildVerb object at 0x7dbc3087ac20>, main=<bound method BuildVerb.main of <colcon_core.verb.build.BuildVerb object at 0x7dbc3087ac20>>)
[0.817s] Level 1:colcon.colcon_core.package_discovery:discover_packages(colcon_meta) check parameters
[0.817s] Level 1:colcon.colcon_core.package_discovery:discover_packages(recursive) check parameters
[0.818s] Level 1:colcon.colcon_core.package_discovery:discover_packages(ignore) check parameters
[0.818s] Level 1:colcon.colcon_core.package_discovery:discover_packages(path) check parameters
[0.818s] Level 1:colcon.colcon_core.package_discovery:discover_packages(colcon_meta) discover
[0.818s] Level 1:colcon.colcon_core.package_discovery:discover_packages(recursive) discover
[0.818s] INFO:colcon.colcon_core.package_discovery:Crawling recursively for packages in '/home/iker/ros2_plan/src'
[0.818s] Level 1:colcon.colcon_core.package_identification:_identify(.) by extensions ['ignore', 'ignore_ament_install']
[0.818s] Level 1:colcon.colcon_core.package_identification:_identify(.) by extension 'ignore'
[0.818s] Level 1:colcon.colcon_core.package_identification:_identify(.) by extension 'ignore_ament_install'
[0.818s] Level 1:colcon.colcon_core.package_identification:_identify(.) by extensions ['colcon_pkg']
[0.818s] Level 1:colcon.colcon_core.package_identification:_identify(.) by extension 'colcon_pkg'
[0.818s] Level 1:colcon.colcon_core.package_identification:_identify(.) by extensions ['colcon_meta']
[0.818s] Level 1:colcon.colcon_core.package_identification:_identify(.) by extension 'colcon_meta'
[0.818s] Level 1:colcon.colcon_core.package_identification:_identify(.) by extensions ['ros']
[0.818s] Level 1:colcon.colcon_core.package_identification:_identify(.) by extension 'ros'
[0.825s] Level 1:colcon.colcon_core.package_identification:_identify(.) by extensions ['cmake', 'python']
[0.825s] Level 1:colcon.colcon_core.package_identification:_identify(.) by extension 'cmake'
[0.825s] Level 1:colcon.colcon_core.package_identification:_identify(.) by extension 'python'
[0.825s] Level 1:colcon.colcon_core.package_identification:_identify(.) by extensions ['python_setup_py']
[0.825s] Level 1:colcon.colcon_core.package_identification:_identify(.) by extension 'python_setup_py'
[0.825s] Level 1:colcon.colcon_core.package_identification:_identify(build) by extensions ['ignore', 'ignore_ament_install']
[0.825s] Level 1:colcon.colcon_core.package_identification:_identify(build) by extension 'ignore'
[0.825s] Level 1:colcon.colcon_core.package_identification:_identify(build) ignored
[0.825s] Level 1:colcon.colcon_core.package_identification:_identify(install) by extensions ['ignore', 'ignore_ament_install']
[0.826s] Level 1:colcon.colcon_core.package_identification:_identify(install) by extension 'ignore'
[0.826s] Level 1:colcon.colcon_core.package_identification:_identify(install) ignored
[0.826s] Level 1:colcon.colcon_core.package_identification:_identify(log) by extensions ['ignore', 'ignore_ament_install']
[0.826s] Level 1:colcon.colcon_core.package_identification:_identify(log) by extension 'ignore'
[0.826s] Level 1:colcon.colcon_core.package_identification:_identify(log) ignored
[0.826s] Level 1:colcon.colcon_core.package_identification:_identify(planificador) by extensions ['ignore', 'ignore_ament_install']
[0.826s] Level 1:colcon.colcon_core.package_identification:_identify(planificador) by extension 'ignore'
[0.826s] Level 1:colcon.colcon_core.package_identification:_identify(planificador) by extension 'ignore_ament_install'
[0.826s] Level 1:colcon.colcon_core.package_identification:_identify(planificador) by extensions ['colcon_pkg']
[0.826s] Level 1:colcon.colcon_core.package_identification:_identify(planificador) by extension 'colcon_pkg'
[0.826s] Level 1:colcon.colcon_core.package_identification:_identify(planificador) by extensions ['colcon_meta']
[0.826s] Level 1:colcon.colcon_core.package_identification:_identify(planificador) by extension 'colcon_meta'
[0.826s] Level 1:colcon.colcon_core.package_identification:_identify(planificador) by extensions ['ros']
[0.826s] Level 1:colcon.colcon_core.package_identification:_identify(planificador) by extension 'ros'
[0.828s] DEBUG:colcon.colcon_core.package_identification:Package 'planificador' with type 'ros.ament_python' and name 'planificador'
[0.828s] Level 1:colcon.colcon_core.package_identification:_identify(planning_algorithm) by extensions ['ignore', 'ignore_ament_install']
[0.828s] Level 1:colcon.colcon_core.package_identification:_identify(planning_algorithm) by extension 'ignore'
[0.828s] Level 1:colcon.colcon_core.package_identification:_identify(planning_algorithm) by extension 'ignore_ament_install'
[0.828s] Level 1:colcon.colcon_core.package_identification:_identify(planning_algorithm) by extensions ['colcon_pkg']
[0.828s] Level 1:colcon.colcon_core.package_identification:_identify(planning_algorithm) by extension 'colcon_pkg'
[0.828s] Level 1:colcon.colcon_core.package_identification:_identify(planning_algorithm) by extensions ['colcon_meta']
[0.828s] Level 1:colcon.colcon_core.package_identification:_identify(planning_algorithm) by extension 'colcon_meta'
[0.828s] Level 1:colcon.colcon_core.package_identification:_identify(planning_algorithm) by extensions ['ros']
[0.828s] Level 1:colcon.colcon_core.package_identification:_identify(planning_algorithm) by extension 'ros'
[0.829s] DEBUG:colcon.colcon_core.package_identification:Package 'planning_algorithm' with type 'ros.ament_python' and name 'planning_algorithm'
[0.829s] Level 1:colcon.colcon_core.package_identification:_identify(syst_msgs) by extensions ['ignore', 'ignore_ament_install']
[0.829s] Level 1:colcon.colcon_core.package_identification:_identify(syst_msgs) by extension 'ignore'
[0.829s] Level 1:colcon.colcon_core.package_identification:_identify(syst_msgs) by extension 'ignore_ament_install'
[0.829s] Level 1:colcon.colcon_core.package_identification:_identify(syst_msgs) by extensions ['colcon_pkg']
[0.829s] Level 1:colcon.colcon_core.package_identification:_identify(syst_msgs) by extension 'colcon_pkg'
[0.829s] Level 1:colcon.colcon_core.package_identification:_identify(syst_msgs) by extensions ['colcon_meta']
[0.829s] Level 1:colcon.colcon_core.package_identification:_identify(syst_msgs) by extension 'colcon_meta'
[0.829s] Level 1:colcon.colcon_core.package_identification:_identify(syst_msgs) by extensions ['ros']
[0.829s] Level 1:colcon.colcon_core.package_identification:_identify(syst_msgs) by extension 'ros'
[0.830s] DEBUG:colcon.colcon_core.package_identification:Package 'syst_msgs' with type 'ros.ament_cmake' and name 'syst_msgs'
[0.830s] Level 1:colcon.colcon_core.package_discovery:discover_packages(recursive) using defaults
[0.830s] Level 1:colcon.colcon_core.package_discovery:discover_packages(ignore) discover
[0.830s] Level 1:colcon.colcon_core.package_discovery:discover_packages(ignore) using defaults
[0.830s] Level 1:colcon.colcon_core.package_discovery:discover_packages(path) discover
[0.830s] Level 1:colcon.colcon_core.package_discovery:discover_packages(path) using defaults
[0.900s] Level 1:colcon.colcon_core.package_discovery:discover_packages(prefix_path) check parameters
[0.900s] Level 1:colcon.colcon_core.package_discovery:discover_packages(prefix_path) discover
[0.922s] DEBUG:colcon.colcon_installed_package_information.package_discovery:Found 3 installed packages in /home/iker/ros2_plan/install
[0.933s] DEBUG:colcon.colcon_installed_package_information.package_discovery:Found 270 installed packages in /opt/ros/humble
[0.941s] Level 1:colcon.colcon_core.package_discovery:discover_packages(prefix_path) using defaults
[1.014s] Level 5:colcon.colcon_core.verb:set package 'planning_algorithm' build argument 'cmake_args' from command line to 'None'
[1.014s] Level 5:colcon.colcon_core.verb:set package 'planning_algorithm' build argument 'cmake_target' from command line to 'None'
[1.014s] Level 5:colcon.colcon_core.verb:set package 'planning_algorithm' build argument 'cmake_target_skip_unavailable' from command line to 'False'
[1.014s] Level 5:colcon.colcon_core.verb:set package 'planning_algorithm' build argument 'cmake_clean_cache' from command line to 'False'
[1.014s] Level 5:colcon.colcon_core.verb:set package 'planning_algorithm' build argument 'cmake_clean_first' from command line to 'False'
[1.014s] Level 5:colcon.colcon_core.verb:set package 'planning_algorithm' build argument 'cmake_force_configure' from command line to 'False'
[1.014s] Level 5:colcon.colcon_core.verb:set package 'planning_algorithm' build argument 'ament_cmake_args' from command line to 'None'
[1.014s] Level 5:colcon.colcon_core.verb:set package 'planning_algorithm' build argument 'catkin_cmake_args' from command line to 'None'
[1.014s] Level 5:colcon.colcon_core.verb:set package 'planning_algorithm' build argument 'catkin_skip_building_tests' from command line to 'False'
[1.014s] DEBUG:colcon.colcon_core.verb:Building package 'planning_algorithm' with the following arguments: {'ament_cmake_args': None, 'build_base': '/home/iker/ros2_plan/src/build/planning_algorithm', 'catkin_cmake_args': None, 'catkin_skip_building_tests': False, 'cmake_args': None, 'cmake_clean_cache': False, 'cmake_clean_first': False, 'cmake_force_configure': False, 'cmake_target': None, 'cmake_target_skip_unavailable': False, 'install_base': '/home/iker/ros2_plan/src/install/planning_algorithm', 'merge_install': False, 'path': '/home/iker/ros2_plan/src/planning_algorithm', 'symlink_install': False, 'test_result_base': None}
[1.025s] Level 5:colcon.colcon_core.verb:set package 'syst_msgs' build argument 'cmake_args' from command line to 'None'
[1.025s] Level 5:colcon.colcon_core.verb:set package 'syst_msgs' build argument 'cmake_target' from command line to 'None'
[1.025s] Level 5:colcon.colcon_core.verb:set package 'syst_msgs' build argument 'cmake_target_skip_unavailable' from command line to 'False'
[1.025s] Level 5:colcon.colcon_core.verb:set package 'syst_msgs' build argument 'cmake_clean_cache' from command line to 'False'
[1.025s] Level 5:colcon.colcon_core.verb:set package 'syst_msgs' build argument 'cmake_clean_first' from command line to 'False'
[1.025s] Level 5:colcon.colcon_core.verb:set package 'syst_msgs' build argument 'cmake_force_configure' from command line to 'False'
[1.025s] Level 5:colcon.colcon_core.verb:set package 'syst_msgs' build argument 'ament_cmake_args' from command line to 'None'
[1.025s] Level 5:colcon.colcon_core.verb:set package 'syst_msgs' build argument 'catkin_cmake_args' from command line to 'None'
[1.025s] Level 5:colcon.colcon_core.verb:set package 'syst_msgs' build argument 'catkin_skip_building_tests' from command line to 'False'
[1.025s] DEBUG:colcon.colcon_core.verb:Building package 'syst_msgs' with the following arguments: {'ament_cmake_args': None, 'build_base': '/home/iker/ros2_plan/src/build/syst_msgs', 'catkin_cmake_args': None, 'catkin_skip_building_tests': False, 'cmake_args': None, 'cmake_clean_cache': False, 'cmake_clean_first': False, 'cmake_force_configure': False, 'cmake_target': None, 'cmake_target_skip_unavailable': False, 'install_base': '/home/iker/ros2_plan/src/install/syst_msgs', 'merge_install': False, 'path': '/home/iker/ros2_plan/src/syst_msgs', 'symlink_install': False, 'test_result_base': None}
[1.036s] Level 5:colcon.colcon_core.verb:set package 'planificador' build argument 'cmake_args' from command line to 'None'
[1.036s] Level 5:colcon.colcon_core.verb:set package 'planificador' build argument 'cmake_target' from command line to 'None'
[1.036s] Level 5:colcon.colcon_core.verb:set package 'planificador' build argument 'cmake_target_skip_unavailable' from command line to 'False'
[1.036s] Level 5:colcon.colcon_core.verb:set package 'planificador' build argument 'cmake_clean_cache' from command line to 'False'
[1.036s] Level 5:colcon.colcon_core.verb:set package 'planificador' build argument 'cmake_clean_first' from command line to 'False'
[1.036s] Level 5:colcon.colcon_core.verb:set package 'planificador' build argument 'cmake_force_configure' from command line to 'False'
[1.036s] Level 5:colcon.colcon_core.verb:set package 'planificador' build argument 'ament_cmake_args' from command line to 'None'
[1.036s] Level 5:colcon.colcon_core.verb:set package 'planificador' build argument 'catkin_cmake_args' from command line to 'None'
[1.036s] Level 5:colcon.colcon_core.verb:set package 'planificador' build argument 'catkin_skip_building_tests' from command line to 'False'
[1.036s] DEBUG:colcon.colcon_core.verb:Building package 'planificador' with the following arguments: {'ament_cmake_args': None, 'build_base': '/home/iker/ros2_plan/src/build/planificador', 'catkin_cmake_args': None, 'catkin_skip_building_tests': False, 'cmake_args': None, 'cmake_clean_cache': False, 'cmake_clean_first': False, 'cmake_force_configure': False, 'cmake_target': None, 'cmake_target_skip_unavailable': False, 'install_base': '/home/iker/ros2_plan/src/install/planificador', 'merge_install': False, 'path': '/home/iker/ros2_plan/src/planificador', 'symlink_install': False, 'test_result_base': None}
[1.046s] INFO:colcon.colcon_core.executor:Executing jobs using 'parallel' executor
[1.058s] DEBUG:colcon.colcon_parallel_executor.executor.parallel:run_until_complete
[1.059s] INFO:colcon.colcon_ros.task.ament_cmake.build:Building ROS package in '/home/iker/ros2_plan/src/syst_msgs' with build type 'ament_cmake'
[1.065s] INFO:colcon.colcon_cmake.task.cmake.build:Building CMake package in '/home/iker/ros2_plan/src/syst_msgs'
[1.085s] INFO:colcon.colcon_core.plugin_system:Skipping extension 'colcon_core.shell.bat': Not used on non-Windows systems
[1.086s] INFO:colcon.colcon_core.shell:Skip shell extension 'powershell' for command environment: Not usable outside of PowerShell
[1.086s] DEBUG:colcon.colcon_core.shell:Skip shell extension 'dsv' for command environment
[1.144s] INFO:colcon.colcon_ros.task.ament_python.build:Building ROS package in '/home/iker/ros2_plan/src/planning_algorithm' with build type 'ament_python'
[1.145s] Level 1:colcon.colcon_core.shell:create_environment_hook('planning_algorithm', 'ament_prefix_path')
[1.158s] INFO:colcon.colcon_core.shell:Creating environment hook '/home/iker/ros2_plan/src/install/planning_algorithm/share/planning_algorithm/hook/ament_prefix_path.ps1'
[1.158s] INFO:colcon.colcon_core.shell:Creating environment descriptor '/home/iker/ros2_plan/src/install/planning_algorithm/share/planning_algorithm/hook/ament_prefix_path.dsv'
[1.159s] INFO:colcon.colcon_core.shell:Creating environment hook '/home/iker/ros2_plan/src/install/planning_algorithm/share/planning_algorithm/hook/ament_prefix_path.sh'
[1.177s] INFO:colcon.colcon_core.shell:Skip shell extension 'powershell' for command environment: Not usable outside of PowerShell
[1.177s] DEBUG:colcon.colcon_core.shell:Skip shell extension 'dsv' for command environment
[1.243s] DEBUG:colcon.colcon_core.event_handler.log_command:Invoking command in '/home/iker/ros2_plan/src/build/syst_msgs': CMAKE_PREFIX_PATH=${CMAKE_PREFIX_PATH}:/home/iker/ros2_plan/install/planning_algorithm:/home/iker/ros2_plan/install/planificador:/opt/ros/humble /usr/bin/cmake /home/iker/ros2_plan/src/syst_msgs -DCMAKE_INSTALL_PREFIX=/home/iker/ros2_plan/src/install/syst_msgs
[1.552s] INFO:colcon.colcon_core.task.python.build:Building Python package in '/home/iker/ros2_plan/src/planning_algorithm'
[1.574s] INFO:colcon.colcon_core.shell:Skip shell extension 'powershell' for command environment: Not usable outside of PowerShell
[1.574s] DEBUG:colcon.colcon_core.shell:Skip shell extension 'dsv' for command environment
[1.968s] DEBUG:colcon.colcon_core.event_handler.log_command:Invoking command in '/home/iker/ros2_plan/src/planning_algorithm': PYTHONPATH=/home/iker/ros2_plan/src/build/planning_algorithm/prefix_override:/home/iker/ros2_plan/src/install/planning_algorithm/lib/python3.10/site-packages:${PYTHONPATH} /usr/bin/python3 setup.py egg_info --egg-base ../build/planning_algorithm build --build-base /home/iker/ros2_plan/src/build/planning_algorithm/build install --record /home/iker/ros2_plan/src/build/planning_algorithm/install.log --single-version-externally-managed
[2.348s] DEBUG:colcon.colcon_core.event_handler.log_command:Invoked command in '/home/iker/ros2_plan/src/planning_algorithm' returned '0': PYTHONPATH=/home/iker/ros2_plan/src/build/planning_algorithm/prefix_override:/home/iker/ros2_plan/src/install/planning_algorithm/lib/python3.10/site-packages:${PYTHONPATH} /usr/bin/python3 setup.py egg_info --egg-base ../build/planning_algorithm build --build-base /home/iker/ros2_plan/src/build/planning_algorithm/build install --record /home/iker/ros2_plan/src/build/planning_algorithm/install.log --single-version-externally-managed
[2.366s] Level 1:colcon.colcon_core.environment:checking '/home/iker/ros2_plan/src/install/planning_algorithm' for CMake module files
[2.367s] Level 1:colcon.colcon_core.environment:checking '/home/iker/ros2_plan/src/install/planning_algorithm' for CMake config files
[2.367s] Level 1:colcon.colcon_core.environment:checking '/home/iker/ros2_plan/src/install/planning_algorithm/lib'
[2.368s] Level 1:colcon.colcon_core.environment:checking '/home/iker/ros2_plan/src/install/planning_algorithm/bin'
[2.368s] Level 1:colcon.colcon_core.environment:checking '/home/iker/ros2_plan/src/install/planning_algorithm/lib/pkgconfig/planning_algorithm.pc'
[2.368s] Level 1:colcon.colcon_core.environment:checking '/home/iker/ros2_plan/src/install/planning_algorithm/lib/python3.10/site-packages'
[2.368s] Level 1:colcon.colcon_core.shell:create_environment_hook('planning_algorithm', 'pythonpath')
[2.384s] INFO:colcon.colcon_core.shell:Creating environment hook '/home/iker/ros2_plan/src/install/planning_algorithm/share/planning_algorithm/hook/pythonpath.ps1'
[2.385s] INFO:colcon.colcon_core.shell:Creating environment descriptor '/home/iker/ros2_plan/src/install/planning_algorithm/share/planning_algorithm/hook/pythonpath.dsv'
[2.385s] INFO:colcon.colcon_core.shell:Creating environment hook '/home/iker/ros2_plan/src/install/planning_algorithm/share/planning_algorithm/hook/pythonpath.sh'
[2.386s] Level 1:colcon.colcon_core.environment:checking '/home/iker/ros2_plan/src/install/planning_algorithm/bin'
[2.386s] Level 1:colcon.colcon_core.environment:create_environment_scripts_only(planning_algorithm)
[2.401s] INFO:colcon.colcon_core.shell:Creating package script '/home/iker/ros2_plan/src/install/planning_algorithm/share/planning_algorithm/package.ps1'
[2.402s] INFO:colcon.colcon_core.shell:Creating package descriptor '/home/iker/ros2_plan/src/install/planning_algorithm/share/planning_algorithm/package.dsv'
[2.402s] INFO:colcon.colcon_core.shell:Creating package script '/home/iker/ros2_plan/src/install/planning_algorithm/share/planning_algorithm/package.sh'
[2.403s] INFO:colcon.colcon_core.shell:Creating package script '/home/iker/ros2_plan/src/install/planning_algorithm/share/planning_algorithm/package.bash'
[2.403s] INFO:colcon.colcon_core.shell:Creating package script '/home/iker/ros2_plan/src/install/planning_algorithm/share/planning_algorithm/package.zsh'
[2.404s] Level 1:colcon.colcon_core.environment:create_file_with_runtime_dependencies(/home/iker/ros2_plan/src/install/planning_algorithm/share/colcon-core/packages/planning_algorithm)
[3.223s] DEBUG:colcon.colcon_core.event_handler.log_command:Invoked command in '/home/iker/ros2_plan/src/build/syst_msgs' returned '0': CMAKE_PREFIX_PATH=${CMAKE_PREFIX_PATH}:/home/iker/ros2_plan/install/planning_algorithm:/home/iker/ros2_plan/install/planificador:/opt/ros/humble /usr/bin/cmake /home/iker/ros2_plan/src/syst_msgs -DCMAKE_INSTALL_PREFIX=/home/iker/ros2_plan/src/install/syst_msgs
[3.224s] DEBUG:colcon.colcon_core.event_handler.log_command:Invoking command in '/home/iker/ros2_plan/src/build/syst_msgs': CMAKE_PREFIX_PATH=${CMAKE_PREFIX_PATH}:/home/iker/ros2_plan/install/planning_algorithm:/home/iker/ros2_plan/install/planificador:/opt/ros/humble /usr/bin/cmake --build /home/iker/ros2_plan/src/build/syst_msgs -- -j6 -l6
[6.551s] DEBUG:colcon.colcon_core.event_handler.log_command:Invoked command in '/home/iker/ros2_plan/src/build/syst_msgs' returned '0': CMAKE_PREFIX_PATH=${CMAKE_PREFIX_PATH}:/home/iker/ros2_plan/install/planning_algorithm:/home/iker/ros2_plan/install/planificador:/opt/ros/humble /usr/bin/cmake --build /home/iker/ros2_plan/src/build/syst_msgs -- -j6 -l6
[6.848s] DEBUG:colcon.colcon_core.event_handler.log_command:Invoking command in '/home/iker/ros2_plan/src/build/syst_msgs': CMAKE_PREFIX_PATH=${CMAKE_PREFIX_PATH}:/home/iker/ros2_plan/install/planning_algorithm:/home/iker/ros2_plan/install/planificador:/opt/ros/humble /usr/bin/cmake --install /home/iker/ros2_plan/src/build/syst_msgs
[6.933s] Level 1:colcon.colcon_core.environment:create_environment_scripts_only(syst_msgs)
[6.936s] DEBUG:colcon.colcon_core.event_handler.log_command:Invoked command in '/home/iker/ros2_plan/src/build/syst_msgs' returned '0': CMAKE_PREFIX_PATH=${CMAKE_PREFIX_PATH}:/home/iker/ros2_plan/install/planning_algorithm:/home/iker/ros2_plan/install/planificador:/opt/ros/humble /usr/bin/cmake --install /home/iker/ros2_plan/src/build/syst_msgs
[6.947s] Level 1:colcon.colcon_core.environment:checking '/home/iker/ros2_plan/src/install/syst_msgs' for CMake module files
[6.948s] Level 1:colcon.colcon_core.environment:checking '/home/iker/ros2_plan/src/install/syst_msgs' for CMake config files
[6.954s] Level 1:colcon.colcon_core.shell:create_environment_hook('syst_msgs', 'cmake_prefix_path')
[6.966s] INFO:colcon.colcon_core.shell:Creating environment hook '/home/iker/ros2_plan/src/install/syst_msgs/share/syst_msgs/hook/cmake_prefix_path.ps1'
[6.967s] INFO:colcon.colcon_core.shell:Creating environment descriptor '/home/iker/ros2_plan/src/install/syst_msgs/share/syst_msgs/hook/cmake_prefix_path.dsv'
[6.967s] INFO:colcon.colcon_core.shell:Creating environment hook '/home/iker/ros2_plan/src/install/syst_msgs/share/syst_msgs/hook/cmake_prefix_path.sh'
[6.968s] Level 1:colcon.colcon_core.environment:checking '/home/iker/ros2_plan/src/install/syst_msgs/lib'
[6.968s] Level 1:colcon.colcon_core.shell:create_environment_hook('syst_msgs', 'ld_library_path_lib')
[6.987s] INFO:colcon.colcon_core.shell:Creating environment hook '/home/iker/ros2_plan/src/install/syst_msgs/share/syst_msgs/hook/ld_library_path_lib.ps1'
[6.987s] INFO:colcon.colcon_core.shell:Creating environment descriptor '/home/iker/ros2_plan/src/install/syst_msgs/share/syst_msgs/hook/ld_library_path_lib.dsv'
[6.988s] INFO:colcon.colcon_core.shell:Creating environment hook '/home/iker/ros2_plan/src/install/syst_msgs/share/syst_msgs/hook/ld_library_path_lib.sh'
[6.988s] Level 1:colcon.colcon_core.environment:checking '/home/iker/ros2_plan/src/install/syst_msgs/bin'
[6.988s] Level 1:colcon.colcon_core.environment:checking '/home/iker/ros2_plan/src/install/syst_msgs/lib/pkgconfig/syst_msgs.pc'
[6.989s] Level 1:colcon.colcon_core.environment:checking '/home/iker/ros2_plan/src/install/syst_msgs/lib/python3.10/site-packages'
[6.989s] Level 1:colcon.colcon_core.environment:checking '/home/iker/ros2_plan/src/install/syst_msgs/bin'
[7.005s] INFO:colcon.colcon_core.shell:Creating package script '/home/iker/ros2_plan/src/install/syst_msgs/share/syst_msgs/package.ps1'
[7.006s] INFO:colcon.colcon_core.shell:Creating package descriptor '/home/iker/ros2_plan/src/install/syst_msgs/share/syst_msgs/package.dsv'
[7.007s] INFO:colcon.colcon_core.shell:Creating package script '/home/iker/ros2_plan/src/install/syst_msgs/share/syst_msgs/package.sh'
[7.007s] INFO:colcon.colcon_core.shell:Creating package script '/home/iker/ros2_plan/src/install/syst_msgs/share/syst_msgs/package.bash'
[7.008s] INFO:colcon.colcon_core.shell:Creating package script '/home/iker/ros2_plan/src/install/syst_msgs/share/syst_msgs/package.zsh'
[7.008s] Level 1:colcon.colcon_core.environment:create_file_with_runtime_dependencies(/home/iker/ros2_plan/src/install/syst_msgs/share/colcon-core/packages/syst_msgs)
[7.311s] Level 1:colcon.colcon_core.environment:create_environment_scripts_only(syst_msgs)
[7.345s] Level 1:colcon.colcon_core.environment:checking '/home/iker/ros2_plan/src/install/syst_msgs' for CMake module files
[7.345s] Level 1:colcon.colcon_core.environment:checking '/home/iker/ros2_plan/src/install/syst_msgs' for CMake config files
[7.346s] Level 1:colcon.colcon_core.shell:create_environment_hook('syst_msgs', 'cmake_prefix_path')
[7.357s] INFO:colcon.colcon_core.shell:Creating environment hook '/home/iker/ros2_plan/src/install/syst_msgs/share/syst_msgs/hook/cmake_prefix_path.ps1'
[7.359s] INFO:colcon.colcon_core.shell:Creating environment descriptor '/home/iker/ros2_plan/src/install/syst_msgs/share/syst_msgs/hook/cmake_prefix_path.dsv'
[7.360s] INFO:colcon.colcon_core.shell:Creating environment hook '/home/iker/ros2_plan/src/install/syst_msgs/share/syst_msgs/hook/cmake_prefix_path.sh'
[7.361s] Level 1:colcon.colcon_core.environment:checking '/home/iker/ros2_plan/src/install/syst_msgs/lib'
[7.361s] Level 1:colcon.colcon_core.shell:create_environment_hook('syst_msgs', 'ld_library_path_lib')
[7.373s] INFO:colcon.colcon_core.shell:Creating environment hook '/home/iker/ros2_plan/src/install/syst_msgs/share/syst_msgs/hook/ld_library_path_lib.ps1'
[7.373s] INFO:colcon.colcon_core.shell:Creating environment descriptor '/home/iker/ros2_plan/src/install/syst_msgs/share/syst_msgs/hook/ld_library_path_lib.dsv'
[7.374s] INFO:colcon.colcon_core.shell:Creating environment hook '/home/iker/ros2_plan/src/install/syst_msgs/share/syst_msgs/hook/ld_library_path_lib.sh'
[7.375s] Level 1:colcon.colcon_core.environment:checking '/home/iker/ros2_plan/src/install/syst_msgs/bin'
[7.376s] Level 1:colcon.colcon_core.environment:checking '/home/iker/ros2_plan/src/install/syst_msgs/lib/pkgconfig/syst_msgs.pc'
[7.377s] Level 1:colcon.colcon_core.environment:checking '/home/iker/ros2_plan/src/install/syst_msgs/lib/python3.10/site-packages'
[7.377s] Level 1:colcon.colcon_core.environment:checking '/home/iker/ros2_plan/src/install/syst_msgs/bin'
[7.388s] INFO:colcon.colcon_core.shell:Creating package script '/home/iker/ros2_plan/src/install/syst_msgs/share/syst_msgs/package.ps1'
[7.389s] INFO:colcon.colcon_core.shell:Creating package descriptor '/home/iker/ros2_plan/src/install/syst_msgs/share/syst_msgs/package.dsv'
[7.390s] INFO:colcon.colcon_core.shell:Creating package script '/home/iker/ros2_plan/src/install/syst_msgs/share/syst_msgs/package.sh'
[7.391s] INFO:colcon.colcon_core.shell:Creating package script '/home/iker/ros2_plan/src/install/syst_msgs/share/syst_msgs/package.bash'
[7.392s] INFO:colcon.colcon_core.shell:Creating package script '/home/iker/ros2_plan/src/install/syst_msgs/share/syst_msgs/package.zsh'
[7.392s] Level 1:colcon.colcon_core.environment:create_file_with_runtime_dependencies(/home/iker/ros2_plan/src/install/syst_msgs/share/colcon-core/packages/syst_msgs)
[7.393s] INFO:colcon.colcon_ros.task.ament_python.build:Building ROS package in '/home/iker/ros2_plan/src/planificador' with build type 'ament_python'
[7.393s] Level 1:colcon.colcon_core.shell:create_environment_hook('planificador', 'ament_prefix_path')
[7.416s] INFO:colcon.colcon_core.shell:Creating environment hook '/home/iker/ros2_plan/src/install/planificador/share/planificador/hook/ament_prefix_path.ps1'
[7.417s] INFO:colcon.colcon_core.shell:Creating environment descriptor '/home/iker/ros2_plan/src/install/planificador/share/planificador/hook/ament_prefix_path.dsv'
[7.417s] INFO:colcon.colcon_core.shell:Creating environment hook '/home/iker/ros2_plan/src/install/planificador/share/planificador/hook/ament_prefix_path.sh'
[7.432s] INFO:colcon.colcon_core.shell:Skip shell extension 'powershell' for command environment: Not usable outside of PowerShell
[7.432s] DEBUG:colcon.colcon_core.shell:Skip shell extension 'dsv' for command environment
[7.815s] INFO:colcon.colcon_core.task.python.build:Building Python package in '/home/iker/ros2_plan/src/planificador'
[7.840s] INFO:colcon.colcon_core.shell:Skip shell extension 'powershell' for command environment: Not usable outside of PowerShell
[7.840s] DEBUG:colcon.colcon_core.shell:Skip shell extension 'dsv' for command environment
[8.266s] DEBUG:colcon.colcon_core.event_handler.log_command:Invoking command in '/home/iker/ros2_plan/src/planificador': AMENT_PREFIX_PATH=/home/iker/ros2_plan/src/install/syst_msgs:${AMENT_PREFIX_PATH} CMAKE_PREFIX_PATH=/home/iker/ros2_plan/src/install/syst_msgs:${CMAKE_PREFIX_PATH} LD_LIBRARY_PATH=/home/iker/ros2_plan/src/install/syst_msgs/lib:${LD_LIBRARY_PATH} PYTHONPATH=/home/iker/ros2_plan/src/build/planificador/prefix_override:/home/iker/ros2_plan/src/install/planificador/lib/python3.10/site-packages:/home/iker/ros2_plan/src/install/syst_msgs/local/lib/python3.10/dist-packages:${PYTHONPATH} /usr/bin/python3 setup.py egg_info --egg-base ../build/planificador build --build-base /home/iker/ros2_plan/src/build/planificador/build install --record /home/iker/ros2_plan/src/build/planificador/install.log --single-version-externally-managed
[8.548s] DEBUG:colcon.colcon_core.event_handler.log_command:Invoked command in '/home/iker/ros2_plan/src/planificador' returned '0': AMENT_PREFIX_PATH=/home/iker/ros2_plan/src/install/syst_msgs:${AMENT_PREFIX_PATH} CMAKE_PREFIX_PATH=/home/iker/ros2_plan/src/install/syst_msgs:${CMAKE_PREFIX_PATH} LD_LIBRARY_PATH=/home/iker/ros2_plan/src/install/syst_msgs/lib:${LD_LIBRARY_PATH} PYTHONPATH=/home/iker/ros2_plan/src/build/planificador/prefix_override:/home/iker/ros2_plan/src/install/planificador/lib/python3.10/site-packages:/home/iker/ros2_plan/src/install/syst_msgs/local/lib/python3.10/dist-packages:${PYTHONPATH} /usr/bin/python3 setup.py egg_info --egg-base ../build/planificador build --build-base /home/iker/ros2_plan/src/build/planificador/build install --record /home/iker/ros2_plan/src/build/planificador/install.log --single-version-externally-managed
[8.560s] Level 1:colcon.colcon_core.environment:checking '/home/iker/ros2_plan/src/install/planificador' for CMake module files
[8.561s] Level 1:colcon.colcon_core.environment:checking '/home/iker/ros2_plan/src/install/planificador' for CMake config files
[8.561s] Level 1:colcon.colcon_core.environment:checking '/home/iker/ros2_plan/src/install/planificador/lib'
[8.561s] Level 1:colcon.colcon_core.environment:checking '/home/iker/ros2_plan/src/install/planificador/bin'
[8.561s] Level 1:colcon.colcon_core.environment:checking '/home/iker/ros2_plan/src/install/planificador/lib/pkgconfig/planificador.pc'
[8.562s] Level 1:colcon.colcon_core.environment:checking '/home/iker/ros2_plan/src/install/planificador/lib/python3.10/site-packages'
[8.562s] Level 1:colcon.colcon_core.shell:create_environment_hook('planificador', 'pythonpath')
[8.574s] INFO:colcon.colcon_core.shell:Creating environment hook '/home/iker/ros2_plan/src/install/planificador/share/planificador/hook/pythonpath.ps1'
[8.574s] INFO:colcon.colcon_core.shell:Creating environment descriptor '/home/iker/ros2_plan/src/install/planificador/share/planificador/hook/pythonpath.dsv'
[8.574s] INFO:colcon.colcon_core.shell:Creating environment hook '/home/iker/ros2_plan/src/install/planificador/share/planificador/hook/pythonpath.sh'
[8.575s] Level 1:colcon.colcon_core.environment:checking '/home/iker/ros2_plan/src/install/planificador/bin'
[8.575s] Level 1:colcon.colcon_core.environment:create_environment_scripts_only(planificador)
[8.586s] INFO:colcon.colcon_core.shell:Creating package script '/home/iker/ros2_plan/src/install/planificador/share/planificador/package.ps1'
[8.586s] INFO:colcon.colcon_core.shell:Creating package descriptor '/home/iker/ros2_plan/src/install/planificador/share/planificador/package.dsv'
[8.587s] INFO:colcon.colcon_core.shell:Creating package script '/home/iker/ros2_plan/src/install/planificador/share/planificador/package.sh'
[8.587s] INFO:colcon.colcon_core.shell:Creating package script '/home/iker/ros2_plan/src/install/planificador/share/planificador/package.bash'
[8.587s] INFO:colcon.colcon_core.shell:Creating package script '/home/iker/ros2_plan/src/install/planificador/share/planificador/package.zsh'
[8.588s] Level 1:colcon.colcon_core.environment:create_file_with_runtime_dependencies(/home/iker/ros2_plan/src/install/planificador/share/colcon-core/packages/planificador)
[8.588s] DEBUG:colcon.colcon_parallel_executor.executor.parallel:closing loop
[8.589s] DEBUG:colcon.colcon_parallel_executor.executor.parallel:loop closed
[8.589s] DEBUG:colcon.colcon_parallel_executor.executor.parallel:run_until_complete finished with '0'
[8.589s] DEBUG:colcon.colcon_core.event_reactor:joining thread
[8.617s] INFO:colcon.colcon_core.plugin_system:Skipping extension 'colcon_notification.desktop_notification.terminal_notifier': Not used on non-Darwin systems
[8.617s] INFO:colcon.colcon_core.plugin_system:Skipping extension 'colcon_notification.desktop_notification.win32': Not used on non-Windows systems
[8.617s] INFO:colcon.colcon_notification.desktop_notification:Sending desktop notification using 'notify2'
[8.662s] DEBUG:colcon.colcon_core.event_reactor:joined thread
[8.694s] INFO:colcon.colcon_core.shell:Creating prefix script '/home/iker/ros2_plan/src/install/local_setup.ps1'
[8.696s] INFO:colcon.colcon_core.shell:Creating prefix util module '/home/iker/ros2_plan/src/install/_local_setup_util_ps1.py'
[8.697s] INFO:colcon.colcon_core.shell:Creating prefix chain script '/home/iker/ros2_plan/src/install/setup.ps1'
[8.729s] INFO:colcon.colcon_core.shell:Creating prefix script '/home/iker/ros2_plan/src/install/local_setup.sh'
[8.729s] INFO:colcon.colcon_core.shell:Creating prefix util module '/home/iker/ros2_plan/src/install/_local_setup_util_sh.py'
[8.730s] INFO:colcon.colcon_core.shell:Creating prefix chain script '/home/iker/ros2_plan/src/install/setup.sh'
[8.747s] INFO:colcon.colcon_core.shell:Creating prefix script '/home/iker/ros2_plan/src/install/local_setup.bash'
[8.747s] INFO:colcon.colcon_core.shell:Creating prefix chain script '/home/iker/ros2_plan/src/install/setup.bash'
[8.765s] INFO:colcon.colcon_core.shell:Creating prefix script '/home/iker/ros2_plan/src/install/local_setup.zsh'
[8.766s] INFO:colcon.colcon_core.shell:Creating prefix chain script '/home/iker/ros2_plan/src/install/setup.zsh'
