[1.962s] DEBUG:colcon:Command line arguments: ['/usr/bin/colcon', 'list', '-p', '--base-paths', '/home/iker/ros2_plan/src']
[1.962s] DEBUG:colcon:Parsed command line arguments: Namespace(log_base=None, log_level=None, verb_name='list', build_base='build', ignore_user_meta=False, metas=['./colcon.meta'], base_paths=['/home/iker/ros2_plan/src'], packages_ignore=None, packages_ignore_regex=None, paths=None, packages_up_to=None, packages_up_to_regex=None, packages_above=None, packages_above_and_dependencies=None, packages_above_depth=None, packages_select_by_dep=None, packages_skip_by_dep=None, packages_skip_up_to=None, packages_select_build_failed=False, packages_skip_build_finished=False, packages_select_test_failures=False, packages_skip_test_passed=False, packages_select=None, packages_skip=None, packages_select_regex=None, packages_skip_regex=None, packages_start=None, packages_end=None, allow_overriding=[], topological_order=False, names_only=False, paths_only=True, topological_graph=False, topological_graph_dot=False, topological_graph_density=False, topological_graph_legend=False, topological_graph_dot_cluster=False, topological_graph_dot_include_skipped=False, verb_parser=<colcon_defaults.argument_parser.defaults.DefaultArgumentsDecorator object at 0x705d12b24370>, verb_extension=<colcon_package_information.verb.list.ListVerb object at 0x705d12b27f10>, main=<bound method ListVerb.main of <colcon_package_information.verb.list.ListVerb object at 0x705d12b27f10>>)
[2.046s] Level 1:colcon.colcon_core.package_discovery:discover_packages(colcon_meta) check parameters
[2.048s] Level 1:colcon.colcon_core.package_discovery:discover_packages(recursive) check parameters
[2.048s] Level 1:colcon.colcon_core.package_discovery:discover_packages(ignore) check parameters
[2.048s] Level 1:colcon.colcon_core.package_discovery:discover_packages(path) check parameters
[2.048s] Level 1:colcon.colcon_core.package_discovery:discover_packages(recursive) discover
[2.048s] INFO:colcon.colcon_core.package_discovery:Crawling recursively for packages in '/home/iker/ros2_plan/src'
[2.048s] Level 1:colcon.colcon_core.package_identification:_identify(/home/iker/ros2_plan/src) by extensions ['ignore', 'ignore_ament_install']
[2.048s] Level 1:colcon.colcon_core.package_identification:_identify(/home/iker/ros2_plan/src) by extension 'ignore'
[2.048s] Level 1:colcon.colcon_core.package_identification:_identify(/home/iker/ros2_plan/src) by extension 'ignore_ament_install'
[2.048s] Level 1:colcon.colcon_core.package_identification:_identify(/home/iker/ros2_plan/src) by extensions ['colcon_pkg']
[2.048s] Level 1:colcon.colcon_core.package_identification:_identify(/home/iker/ros2_plan/src) by extension 'colcon_pkg'
[2.048s] Level 1:colcon.colcon_core.package_identification:_identify(/home/iker/ros2_plan/src) by extensions ['colcon_meta']
[2.048s] Level 1:colcon.colcon_core.package_identification:_identify(/home/iker/ros2_plan/src) by extension 'colcon_meta'
[2.048s] Level 1:colcon.colcon_core.package_identification:_identify(/home/iker/ros2_plan/src) by extensions ['ros']
[2.048s] Level 1:colcon.colcon_core.package_identification:_identify(/home/iker/ros2_plan/src) by extension 'ros'
[2.071s] Level 1:colcon.colcon_core.package_identification:_identify(/home/iker/ros2_plan/src) by extensions ['cmake', 'python']
[2.071s] Level 1:colcon.colcon_core.package_identification:_identify(/home/iker/ros2_plan/src) by extension 'cmake'
[2.071s] Level 1:colcon.colcon_core.package_identification:_identify(/home/iker/ros2_plan/src) by extension 'python'
[2.071s] Level 1:colcon.colcon_core.package_identification:_identify(/home/iker/ros2_plan/src) by extensions ['python_setup_py']
[2.071s] Level 1:colcon.colcon_core.package_identification:_identify(/home/iker/ros2_plan/src) by extension 'python_setup_py'
[2.071s] Level 1:colcon.colcon_core.package_identification:_identify(/home/iker/ros2_plan/src/log) by extensions ['ignore', 'ignore_ament_install']
[2.072s] Level 1:colcon.colcon_core.package_identification:_identify(/home/iker/ros2_plan/src/log) by extension 'ignore'
[2.072s] Level 1:colcon.colcon_core.package_identification:_identify(/home/iker/ros2_plan/src/log) ignored
[2.072s] Level 1:colcon.colcon_core.package_identification:_identify(/home/iker/ros2_plan/src/planificador) by extensions ['ignore', 'ignore_ament_install']
[2.072s] Level 1:colcon.colcon_core.package_identification:_identify(/home/iker/ros2_plan/src/planificador) by extension 'ignore'
[2.072s] Level 1:colcon.colcon_core.package_identification:_identify(/home/iker/ros2_plan/src/planificador) by extension 'ignore_ament_install'
[2.073s] Level 1:colcon.colcon_core.package_identification:_identify(/home/iker/ros2_plan/src/planificador) by extensions ['colcon_pkg']
[2.073s] Level 1:colcon.colcon_core.package_identification:_identify(/home/iker/ros2_plan/src/planificador) by extension 'colcon_pkg'
[2.073s] Level 1:colcon.colcon_core.package_identification:_identify(/home/iker/ros2_plan/src/planificador) by extensions ['colcon_meta']
[2.073s] Level 1:colcon.colcon_core.package_identification:_identify(/home/iker/ros2_plan/src/planificador) by extension 'colcon_meta'
[2.073s] Level 1:colcon.colcon_core.package_identification:_identify(/home/iker/ros2_plan/src/planificador) by extensions ['ros']
[2.073s] Level 1:colcon.colcon_core.package_identification:_identify(/home/iker/ros2_plan/src/planificador) by extension 'ros'
[2.077s] DEBUG:colcon.colcon_core.package_identification:Package '/home/iker/ros2_plan/src/planificador' with type 'ros.ament_python' and name 'planificador'
[2.078s] Level 1:colcon.colcon_core.package_identification:_identify(/home/iker/ros2_plan/src/planning_algorithm) by extensions ['ignore', 'ignore_ament_install']
[2.078s] Level 1:colcon.colcon_core.package_identification:_identify(/home/iker/ros2_plan/src/planning_algorithm) by extension 'ignore'
[2.078s] Level 1:colcon.colcon_core.package_identification:_identify(/home/iker/ros2_plan/src/planning_algorithm) by extension 'ignore_ament_install'
[2.079s] Level 1:colcon.colcon_core.package_identification:_identify(/home/iker/ros2_plan/src/planning_algorithm) by extensions ['colcon_pkg']
[2.079s] Level 1:colcon.colcon_core.package_identification:_identify(/home/iker/ros2_plan/src/planning_algorithm) by extension 'colcon_pkg'
[2.079s] Level 1:colcon.colcon_core.package_identification:_identify(/home/iker/ros2_plan/src/planning_algorithm) by extensions ['colcon_meta']
[2.079s] Level 1:colcon.colcon_core.package_identification:_identify(/home/iker/ros2_plan/src/planning_algorithm) by extension 'colcon_meta'
[2.079s] Level 1:colcon.colcon_core.package_identification:_identify(/home/iker/ros2_plan/src/planning_algorithm) by extensions ['ros']
[2.079s] Level 1:colcon.colcon_core.package_identification:_identify(/home/iker/ros2_plan/src/planning_algorithm) by extension 'ros'
[2.080s] DEBUG:colcon.colcon_core.package_identification:Package '/home/iker/ros2_plan/src/planning_algorithm' with type 'ros.ament_python' and name 'planning_algorithm'
[2.080s] Level 1:colcon.colcon_core.package_identification:_identify(/home/iker/ros2_plan/src/syst_msgs) by extensions ['ignore', 'ignore_ament_install']
[2.080s] Level 1:colcon.colcon_core.package_identification:_identify(/home/iker/ros2_plan/src/syst_msgs) by extension 'ignore'
[2.081s] Level 1:colcon.colcon_core.package_identification:_identify(/home/iker/ros2_plan/src/syst_msgs) by extension 'ignore_ament_install'
[2.081s] Level 1:colcon.colcon_core.package_identification:_identify(/home/iker/ros2_plan/src/syst_msgs) by extensions ['colcon_pkg']
[2.081s] Level 1:colcon.colcon_core.package_identification:_identify(/home/iker/ros2_plan/src/syst_msgs) by extension 'colcon_pkg'
[2.081s] Level 1:colcon.colcon_core.package_identification:_identify(/home/iker/ros2_plan/src/syst_msgs) by extensions ['colcon_meta']
[2.081s] Level 1:colcon.colcon_core.package_identification:_identify(/home/iker/ros2_plan/src/syst_msgs) by extension 'colcon_meta'
[2.081s] Level 1:colcon.colcon_core.package_identification:_identify(/home/iker/ros2_plan/src/syst_msgs) by extensions ['ros']
[2.081s] Level 1:colcon.colcon_core.package_identification:_identify(/home/iker/ros2_plan/src/syst_msgs) by extension 'ros'
[2.082s] DEBUG:colcon.colcon_core.package_identification:Package '/home/iker/ros2_plan/src/syst_msgs' with type 'ros.ament_cmake' and name 'syst_msgs'
[2.082s] Level 1:colcon.colcon_core.package_discovery:discover_packages(recursive) using defaults
